C:\USERS\CALEB\DOCUMENTS\VISUAL STUDIO 2012\PROJECTS\P3\DEBUG\P2.OBJ
C:\USERS\CALEB\DOCUMENTS\VISUAL STUDIO 2012\PROJECTS\P3\DEBUG\P3.OBJ
C:\USERS\CALEB\DOCUMENTS\VISUAL STUDIO 2012\PROJECTS\P3\DEBUG\VC110.PDB
C:\USERS\CALEB\DOCUMENTS\VISUAL STUDIO 2012\PROJECTS\P3\DEBUG\SNAKE.OBJ
C:\USERS\CALEB\DOCUMENTS\VISUAL STUDIO 2012\PROJECTS\P3\DEBUG\SNAKEPART.OBJ
C:\USERS\CALEB\DOCUMENTS\VISUAL STUDIO 2012\PROJECTS\P3\DEBUG\WORKINGP3WITHMEMORYLEAK.OBJ
C:\USERS\CALEB\DOCUMENTS\VISUAL STUDIO 2012\PROJECTS\P3\DEBUG\P3.ILK
C:\USERS\CALEB\DOCUMENTS\VISUAL STUDIO 2012\PROJECTS\P3\DEBUG\P3.EXE
C:\USERS\CALEB\DOCUMENTS\VISUAL STUDIO 2012\PROJECTS\P3\DEBUG\P3.PDB
C:\Users\Caleb\documents\visual studio 2012\Projects\p3\Debug\p2.obj
C:\Users\Caleb\documents\visual studio 2012\Projects\p3\Debug\p3.obj
C:\Users\Caleb\documents\visual studio 2012\Projects\p3\Debug\snake.obj
C:\Users\Caleb\documents\visual studio 2012\Projects\p3\Debug\snakePart.obj
C:\Users\Caleb\documents\visual studio 2012\Projects\p3\Debug\workingp3withmemoryleak.obj
C:\Users\Caleb\documents\visual studio 2012\Projects\p3\Debug\p3.ilk
C:\Users\Caleb\documents\visual studio 2012\Projects\p3\Debug\cl.command.1.tlog
C:\Users\Caleb\documents\visual studio 2012\Projects\p3\Debug\CL.read.1.tlog
C:\Users\Caleb\documents\visual studio 2012\Projects\p3\Debug\CL.write.1.tlog
C:\Users\Caleb\documents\visual studio 2012\Projects\p3\Debug\link-cvtres.read.1.tlog
C:\Users\Caleb\documents\visual studio 2012\Projects\p3\Debug\link-cvtres.write.1.tlog
C:\Users\Caleb\documents\visual studio 2012\Projects\p3\Debug\link-rc.read.1.tlog
C:\Users\Caleb\documents\visual studio 2012\Projects\p3\Debug\link-rc.write.1.tlog
C:\Users\Caleb\documents\visual studio 2012\Projects\p3\Debug\link.1136-cvtres.read.1.tlog
C:\Users\Caleb\documents\visual studio 2012\Projects\p3\Debug\link.1136-cvtres.write.1.tlog
C:\Users\Caleb\documents\visual studio 2012\Projects\p3\Debug\link.1136-rc.read.1.tlog
C:\Users\Caleb\documents\visual studio 2012\Projects\p3\Debug\link.1136-rc.write.1.tlog
C:\Users\Caleb\documents\visual studio 2012\Projects\p3\Debug\link.1136.read.1.tlog
C:\Users\Caleb\documents\visual studio 2012\Projects\p3\Debug\link.1136.write.1.tlog
C:\Users\Caleb\documents\visual studio 2012\Projects\p3\Debug\link.1224-cvtres.read.1.tlog
C:\Users\Caleb\documents\visual studio 2012\Projects\p3\Debug\link.1224-cvtres.write.1.tlog
C:\Users\Caleb\documents\visual studio 2012\Projects\p3\Debug\link.1224-rc.read.1.tlog
C:\Users\Caleb\documents\visual studio 2012\Projects\p3\Debug\link.1224-rc.write.1.tlog
C:\Users\Caleb\documents\visual studio 2012\Projects\p3\Debug\link.1224.read.1.tlog
C:\Users\Caleb\documents\visual studio 2012\Projects\p3\Debug\link.1224.write.1.tlog
C:\Users\Caleb\documents\visual studio 2012\Projects\p3\Debug\link.1248-cvtres.read.1.tlog
C:\Users\Caleb\documents\visual studio 2012\Projects\p3\Debug\link.1248-cvtres.write.1.tlog
C:\Users\Caleb\documents\visual studio 2012\Projects\p3\Debug\link.1248-rc.read.1.tlog
C:\Users\Caleb\documents\visual studio 2012\Projects\p3\Debug\link.1248-rc.write.1.tlog
C:\Users\Caleb\documents\visual studio 2012\Projects\p3\Debug\link.1248.read.1.tlog
C:\Users\Caleb\documents\visual studio 2012\Projects\p3\Debug\link.1248.write.1.tlog
C:\Users\Caleb\documents\visual studio 2012\Projects\p3\Debug\link.1360-cvtres.read.1.tlog
C:\Users\Caleb\documents\visual studio 2012\Projects\p3\Debug\link.1360-cvtres.write.1.tlog
C:\Users\Caleb\documents\visual studio 2012\Projects\p3\Debug\link.1360-rc.read.1.tlog
C:\Users\Caleb\documents\visual studio 2012\Projects\p3\Debug\link.1360-rc.write.1.tlog
C:\Users\Caleb\documents\visual studio 2012\Projects\p3\Debug\link.1360.read.1.tlog
C:\Users\Caleb\documents\visual studio 2012\Projects\p3\Debug\link.1360.write.1.tlog
C:\Users\Caleb\documents\visual studio 2012\Projects\p3\Debug\link.1380-cvtres.read.1.tlog
C:\Users\Caleb\documents\visual studio 2012\Projects\p3\Debug\link.1380-cvtres.write.1.tlog
C:\Users\Caleb\documents\visual studio 2012\Projects\p3\Debug\link.1380-rc.read.1.tlog
C:\Users\Caleb\documents\visual studio 2012\Projects\p3\Debug\link.1380-rc.write.1.tlog
C:\Users\Caleb\documents\visual studio 2012\Projects\p3\Debug\link.1380.read.1.tlog
C:\Users\Caleb\documents\visual studio 2012\Projects\p3\Debug\link.1380.write.1.tlog
C:\Users\Caleb\documents\visual studio 2012\Projects\p3\Debug\link.1424-cvtres.read.1.tlog
C:\Users\Caleb\documents\visual studio 2012\Projects\p3\Debug\link.1424-cvtres.write.1.tlog
C:\Users\Caleb\documents\visual studio 2012\Projects\p3\Debug\link.1424-rc.read.1.tlog
C:\Users\Caleb\documents\visual studio 2012\Projects\p3\Debug\link.1424-rc.write.1.tlog
C:\Users\Caleb\documents\visual studio 2012\Projects\p3\Debug\link.1424.read.1.tlog
C:\Users\Caleb\documents\visual studio 2012\Projects\p3\Debug\link.1424.write.1.tlog
C:\Users\Caleb\documents\visual studio 2012\Projects\p3\Debug\link.1472-cvtres.read.1.tlog
C:\Users\Caleb\documents\visual studio 2012\Projects\p3\Debug\link.1472-cvtres.write.1.tlog
C:\Users\Caleb\documents\visual studio 2012\Projects\p3\Debug\link.1472-rc.read.1.tlog
C:\Users\Caleb\documents\visual studio 2012\Projects\p3\Debug\link.1472-rc.write.1.tlog
C:\Users\Caleb\documents\visual studio 2012\Projects\p3\Debug\link.1472.read.1.tlog
C:\Users\Caleb\documents\visual studio 2012\Projects\p3\Debug\link.1472.write.1.tlog
C:\Users\Caleb\documents\visual studio 2012\Projects\p3\Debug\link.1612-cvtres.read.1.tlog
C:\Users\Caleb\documents\visual studio 2012\Projects\p3\Debug\link.1612-cvtres.write.1.tlog
C:\Users\Caleb\documents\visual studio 2012\Projects\p3\Debug\link.1612-rc.read.1.tlog
C:\Users\Caleb\documents\visual studio 2012\Projects\p3\Debug\link.1612-rc.write.1.tlog
C:\Users\Caleb\documents\visual studio 2012\Projects\p3\Debug\link.1612.read.1.tlog
C:\Users\Caleb\documents\visual studio 2012\Projects\p3\Debug\link.1612.write.1.tlog
C:\Users\Caleb\documents\visual studio 2012\Projects\p3\Debug\link.1616-cvtres.read.1.tlog
C:\Users\Caleb\documents\visual studio 2012\Projects\p3\Debug\link.1616-cvtres.write.1.tlog
C:\Users\Caleb\documents\visual studio 2012\Projects\p3\Debug\link.1616-rc.read.1.tlog
C:\Users\Caleb\documents\visual studio 2012\Projects\p3\Debug\link.1616-rc.write.1.tlog
C:\Users\Caleb\documents\visual studio 2012\Projects\p3\Debug\link.1616.read.1.tlog
C:\Users\Caleb\documents\visual studio 2012\Projects\p3\Debug\link.1616.write.1.tlog
C:\Users\Caleb\documents\visual studio 2012\Projects\p3\Debug\link.1628-cvtres.read.1.tlog
C:\Users\Caleb\documents\visual studio 2012\Projects\p3\Debug\link.1628-cvtres.write.1.tlog
C:\Users\Caleb\documents\visual studio 2012\Projects\p3\Debug\link.1628-rc.read.1.tlog
C:\Users\Caleb\documents\visual studio 2012\Projects\p3\Debug\link.1628-rc.write.1.tlog
C:\Users\Caleb\documents\visual studio 2012\Projects\p3\Debug\link.1628.read.1.tlog
C:\Users\Caleb\documents\visual studio 2012\Projects\p3\Debug\link.1628.write.1.tlog
C:\Users\Caleb\documents\visual studio 2012\Projects\p3\Debug\link.164-cvtres.read.1.tlog
C:\Users\Caleb\documents\visual studio 2012\Projects\p3\Debug\link.164-cvtres.write.1.tlog
C:\Users\Caleb\documents\visual studio 2012\Projects\p3\Debug\link.164-rc.read.1.tlog
C:\Users\Caleb\documents\visual studio 2012\Projects\p3\Debug\link.164-rc.write.1.tlog
C:\Users\Caleb\documents\visual studio 2012\Projects\p3\Debug\link.164.read.1.tlog
C:\Users\Caleb\documents\visual studio 2012\Projects\p3\Debug\link.164.write.1.tlog
C:\Users\Caleb\documents\visual studio 2012\Projects\p3\Debug\link.1660-cvtres.read.1.tlog
C:\Users\Caleb\documents\visual studio 2012\Projects\p3\Debug\link.1660-cvtres.write.1.tlog
C:\Users\Caleb\documents\visual studio 2012\Projects\p3\Debug\link.1660-rc.read.1.tlog
C:\Users\Caleb\documents\visual studio 2012\Projects\p3\Debug\link.1660-rc.write.1.tlog
C:\Users\Caleb\documents\visual studio 2012\Projects\p3\Debug\link.1660.read.1.tlog
C:\Users\Caleb\documents\visual studio 2012\Projects\p3\Debug\link.1660.write.1.tlog
C:\Users\Caleb\documents\visual studio 2012\Projects\p3\Debug\link.1680-cvtres.read.1.tlog
C:\Users\Caleb\documents\visual studio 2012\Projects\p3\Debug\link.1680-cvtres.write.1.tlog
C:\Users\Caleb\documents\visual studio 2012\Projects\p3\Debug\link.1680-rc.read.1.tlog
C:\Users\Caleb\documents\visual studio 2012\Projects\p3\Debug\link.1680-rc.write.1.tlog
C:\Users\Caleb\documents\visual studio 2012\Projects\p3\Debug\link.1680.read.1.tlog
C:\Users\Caleb\documents\visual studio 2012\Projects\p3\Debug\link.1680.write.1.tlog
C:\Users\Caleb\documents\visual studio 2012\Projects\p3\Debug\link.1928-cvtres.read.1.tlog
C:\Users\Caleb\documents\visual studio 2012\Projects\p3\Debug\link.1928-cvtres.write.1.tlog
C:\Users\Caleb\documents\visual studio 2012\Projects\p3\Debug\link.1928-rc.read.1.tlog
C:\Users\Caleb\documents\visual studio 2012\Projects\p3\Debug\link.1928-rc.write.1.tlog
C:\Users\Caleb\documents\visual studio 2012\Projects\p3\Debug\link.1928.read.1.tlog
C:\Users\Caleb\documents\visual studio 2012\Projects\p3\Debug\link.1928.write.1.tlog
C:\Users\Caleb\documents\visual studio 2012\Projects\p3\Debug\link.1932-cvtres.read.1.tlog
C:\Users\Caleb\documents\visual studio 2012\Projects\p3\Debug\link.1932-cvtres.write.1.tlog
C:\Users\Caleb\documents\visual studio 2012\Projects\p3\Debug\link.1932-rc.read.1.tlog
C:\Users\Caleb\documents\visual studio 2012\Projects\p3\Debug\link.1932-rc.write.1.tlog
C:\Users\Caleb\documents\visual studio 2012\Projects\p3\Debug\link.1932.read.1.tlog
C:\Users\Caleb\documents\visual studio 2012\Projects\p3\Debug\link.1932.write.1.tlog
C:\Users\Caleb\documents\visual studio 2012\Projects\p3\Debug\link.1948-cvtres.read.1.tlog
C:\Users\Caleb\documents\visual studio 2012\Projects\p3\Debug\link.1948-cvtres.write.1.tlog
C:\Users\Caleb\documents\visual studio 2012\Projects\p3\Debug\link.1948-rc.read.1.tlog
C:\Users\Caleb\documents\visual studio 2012\Projects\p3\Debug\link.1948-rc.write.1.tlog
C:\Users\Caleb\documents\visual studio 2012\Projects\p3\Debug\link.1948.read.1.tlog
C:\Users\Caleb\documents\visual studio 2012\Projects\p3\Debug\link.1948.write.1.tlog
C:\Users\Caleb\documents\visual studio 2012\Projects\p3\Debug\link.2156-cvtres.read.1.tlog
C:\Users\Caleb\documents\visual studio 2012\Projects\p3\Debug\link.2156-cvtres.write.1.tlog
C:\Users\Caleb\documents\visual studio 2012\Projects\p3\Debug\link.2156-rc.read.1.tlog
C:\Users\Caleb\documents\visual studio 2012\Projects\p3\Debug\link.2156-rc.write.1.tlog
C:\Users\Caleb\documents\visual studio 2012\Projects\p3\Debug\link.2156.read.1.tlog
C:\Users\Caleb\documents\visual studio 2012\Projects\p3\Debug\link.2156.write.1.tlog
C:\Users\Caleb\documents\visual studio 2012\Projects\p3\Debug\link.2396-cvtres.read.1.tlog
C:\Users\Caleb\documents\visual studio 2012\Projects\p3\Debug\link.2396-cvtres.write.1.tlog
C:\Users\Caleb\documents\visual studio 2012\Projects\p3\Debug\link.2396-rc.read.1.tlog
C:\Users\Caleb\documents\visual studio 2012\Projects\p3\Debug\link.2396-rc.write.1.tlog
C:\Users\Caleb\documents\visual studio 2012\Projects\p3\Debug\link.2396.read.1.tlog
C:\Users\Caleb\documents\visual studio 2012\Projects\p3\Debug\link.2396.write.1.tlog
C:\Users\Caleb\documents\visual studio 2012\Projects\p3\Debug\link.2428-cvtres.read.1.tlog
C:\Users\Caleb\documents\visual studio 2012\Projects\p3\Debug\link.2428-cvtres.write.1.tlog
C:\Users\Caleb\documents\visual studio 2012\Projects\p3\Debug\link.2428-rc.read.1.tlog
C:\Users\Caleb\documents\visual studio 2012\Projects\p3\Debug\link.2428-rc.write.1.tlog
C:\Users\Caleb\documents\visual studio 2012\Projects\p3\Debug\link.2428.read.1.tlog
C:\Users\Caleb\documents\visual studio 2012\Projects\p3\Debug\link.2428.write.1.tlog
C:\Users\Caleb\documents\visual studio 2012\Projects\p3\Debug\link.2492-cvtres.read.1.tlog
C:\Users\Caleb\documents\visual studio 2012\Projects\p3\Debug\link.2492-cvtres.write.1.tlog
C:\Users\Caleb\documents\visual studio 2012\Projects\p3\Debug\link.2492-rc.read.1.tlog
C:\Users\Caleb\documents\visual studio 2012\Projects\p3\Debug\link.2492-rc.write.1.tlog
C:\Users\Caleb\documents\visual studio 2012\Projects\p3\Debug\link.2492.read.1.tlog
C:\Users\Caleb\documents\visual studio 2012\Projects\p3\Debug\link.2492.write.1.tlog
C:\Users\Caleb\documents\visual studio 2012\Projects\p3\Debug\link.2608-cvtres.read.1.tlog
C:\Users\Caleb\documents\visual studio 2012\Projects\p3\Debug\link.2608-cvtres.write.1.tlog
C:\Users\Caleb\documents\visual studio 2012\Projects\p3\Debug\link.2608-rc.read.1.tlog
C:\Users\Caleb\documents\visual studio 2012\Projects\p3\Debug\link.2608-rc.write.1.tlog
C:\Users\Caleb\documents\visual studio 2012\Projects\p3\Debug\link.2608.read.1.tlog
C:\Users\Caleb\documents\visual studio 2012\Projects\p3\Debug\link.2608.write.1.tlog
C:\Users\Caleb\documents\visual studio 2012\Projects\p3\Debug\link.2616-cvtres.read.1.tlog
C:\Users\Caleb\documents\visual studio 2012\Projects\p3\Debug\link.2616-cvtres.write.1.tlog
C:\Users\Caleb\documents\visual studio 2012\Projects\p3\Debug\link.2616-rc.read.1.tlog
C:\Users\Caleb\documents\visual studio 2012\Projects\p3\Debug\link.2616-rc.write.1.tlog
C:\Users\Caleb\documents\visual studio 2012\Projects\p3\Debug\link.2616.read.1.tlog
C:\Users\Caleb\documents\visual studio 2012\Projects\p3\Debug\link.2616.write.1.tlog
C:\Users\Caleb\documents\visual studio 2012\Projects\p3\Debug\link.2640-cvtres.read.1.tlog
C:\Users\Caleb\documents\visual studio 2012\Projects\p3\Debug\link.2640-cvtres.write.1.tlog
C:\Users\Caleb\documents\visual studio 2012\Projects\p3\Debug\link.2640-rc.read.1.tlog
C:\Users\Caleb\documents\visual studio 2012\Projects\p3\Debug\link.2640-rc.write.1.tlog
C:\Users\Caleb\documents\visual studio 2012\Projects\p3\Debug\link.2640.read.1.tlog
C:\Users\Caleb\documents\visual studio 2012\Projects\p3\Debug\link.2640.write.1.tlog
C:\Users\Caleb\documents\visual studio 2012\Projects\p3\Debug\link.2732-cvtres.read.1.tlog
C:\Users\Caleb\documents\visual studio 2012\Projects\p3\Debug\link.2732-cvtres.write.1.tlog
C:\Users\Caleb\documents\visual studio 2012\Projects\p3\Debug\link.2732-rc.read.1.tlog
C:\Users\Caleb\documents\visual studio 2012\Projects\p3\Debug\link.2732-rc.write.1.tlog
C:\Users\Caleb\documents\visual studio 2012\Projects\p3\Debug\link.2732.read.1.tlog
C:\Users\Caleb\documents\visual studio 2012\Projects\p3\Debug\link.2732.write.1.tlog
C:\Users\Caleb\documents\visual studio 2012\Projects\p3\Debug\link.2768-cvtres.read.1.tlog
C:\Users\Caleb\documents\visual studio 2012\Projects\p3\Debug\link.2768-cvtres.write.1.tlog
C:\Users\Caleb\documents\visual studio 2012\Projects\p3\Debug\link.2768-rc.read.1.tlog
C:\Users\Caleb\documents\visual studio 2012\Projects\p3\Debug\link.2768-rc.write.1.tlog
C:\Users\Caleb\documents\visual studio 2012\Projects\p3\Debug\link.2768.read.1.tlog
C:\Users\Caleb\documents\visual studio 2012\Projects\p3\Debug\link.2768.write.1.tlog
C:\Users\Caleb\documents\visual studio 2012\Projects\p3\Debug\link.2860-cvtres.read.1.tlog
C:\Users\Caleb\documents\visual studio 2012\Projects\p3\Debug\link.2860-cvtres.write.1.tlog
C:\Users\Caleb\documents\visual studio 2012\Projects\p3\Debug\link.2860-rc.read.1.tlog
C:\Users\Caleb\documents\visual studio 2012\Projects\p3\Debug\link.2860-rc.write.1.tlog
C:\Users\Caleb\documents\visual studio 2012\Projects\p3\Debug\link.2860.read.1.tlog
C:\Users\Caleb\documents\visual studio 2012\Projects\p3\Debug\link.2860.write.1.tlog
C:\Users\Caleb\documents\visual studio 2012\Projects\p3\Debug\link.2868-cvtres.read.1.tlog
C:\Users\Caleb\documents\visual studio 2012\Projects\p3\Debug\link.2868-cvtres.write.1.tlog
C:\Users\Caleb\documents\visual studio 2012\Projects\p3\Debug\link.2868-rc.read.1.tlog
C:\Users\Caleb\documents\visual studio 2012\Projects\p3\Debug\link.2868-rc.write.1.tlog
C:\Users\Caleb\documents\visual studio 2012\Projects\p3\Debug\link.2868.read.1.tlog
C:\Users\Caleb\documents\visual studio 2012\Projects\p3\Debug\link.2868.write.1.tlog
C:\Users\Caleb\documents\visual studio 2012\Projects\p3\Debug\link.2872-cvtres.read.1.tlog
C:\Users\Caleb\documents\visual studio 2012\Projects\p3\Debug\link.2872-cvtres.write.1.tlog
C:\Users\Caleb\documents\visual studio 2012\Projects\p3\Debug\link.2872-rc.read.1.tlog
C:\Users\Caleb\documents\visual studio 2012\Projects\p3\Debug\link.2872-rc.write.1.tlog
C:\Users\Caleb\documents\visual studio 2012\Projects\p3\Debug\link.2872.read.1.tlog
C:\Users\Caleb\documents\visual studio 2012\Projects\p3\Debug\link.2872.write.1.tlog
C:\Users\Caleb\documents\visual studio 2012\Projects\p3\Debug\link.2908-cvtres.read.1.tlog
C:\Users\Caleb\documents\visual studio 2012\Projects\p3\Debug\link.2908-cvtres.write.1.tlog
C:\Users\Caleb\documents\visual studio 2012\Projects\p3\Debug\link.2908-rc.read.1.tlog
C:\Users\Caleb\documents\visual studio 2012\Projects\p3\Debug\link.2908-rc.write.1.tlog
C:\Users\Caleb\documents\visual studio 2012\Projects\p3\Debug\link.2908.read.1.tlog
C:\Users\Caleb\documents\visual studio 2012\Projects\p3\Debug\link.2908.write.1.tlog
C:\Users\Caleb\documents\visual studio 2012\Projects\p3\Debug\link.2924-cvtres.read.1.tlog
C:\Users\Caleb\documents\visual studio 2012\Projects\p3\Debug\link.2924-cvtres.write.1.tlog
C:\Users\Caleb\documents\visual studio 2012\Projects\p3\Debug\link.2924-rc.read.1.tlog
C:\Users\Caleb\documents\visual studio 2012\Projects\p3\Debug\link.2924-rc.write.1.tlog
C:\Users\Caleb\documents\visual studio 2012\Projects\p3\Debug\link.2924.read.1.tlog
C:\Users\Caleb\documents\visual studio 2012\Projects\p3\Debug\link.2924.write.1.tlog
C:\Users\Caleb\documents\visual studio 2012\Projects\p3\Debug\link.3032-cvtres.read.1.tlog
C:\Users\Caleb\documents\visual studio 2012\Projects\p3\Debug\link.3032-cvtres.write.1.tlog
C:\Users\Caleb\documents\visual studio 2012\Projects\p3\Debug\link.3032-rc.read.1.tlog
C:\Users\Caleb\documents\visual studio 2012\Projects\p3\Debug\link.3032-rc.write.1.tlog
C:\Users\Caleb\documents\visual studio 2012\Projects\p3\Debug\link.3032.read.1.tlog
C:\Users\Caleb\documents\visual studio 2012\Projects\p3\Debug\link.3032.write.1.tlog
C:\Users\Caleb\documents\visual studio 2012\Projects\p3\Debug\link.3172-cvtres.read.1.tlog
C:\Users\Caleb\documents\visual studio 2012\Projects\p3\Debug\link.3172-cvtres.write.1.tlog
C:\Users\Caleb\documents\visual studio 2012\Projects\p3\Debug\link.3172-rc.read.1.tlog
C:\Users\Caleb\documents\visual studio 2012\Projects\p3\Debug\link.3172-rc.write.1.tlog
C:\Users\Caleb\documents\visual studio 2012\Projects\p3\Debug\link.3172.read.1.tlog
C:\Users\Caleb\documents\visual studio 2012\Projects\p3\Debug\link.3172.write.1.tlog
C:\Users\Caleb\documents\visual studio 2012\Projects\p3\Debug\link.3224-cvtres.read.1.tlog
C:\Users\Caleb\documents\visual studio 2012\Projects\p3\Debug\link.3224-cvtres.write.1.tlog
C:\Users\Caleb\documents\visual studio 2012\Projects\p3\Debug\link.3224-rc.read.1.tlog
C:\Users\Caleb\documents\visual studio 2012\Projects\p3\Debug\link.3224-rc.write.1.tlog
C:\Users\Caleb\documents\visual studio 2012\Projects\p3\Debug\link.3224.read.1.tlog
C:\Users\Caleb\documents\visual studio 2012\Projects\p3\Debug\link.3224.write.1.tlog
C:\Users\Caleb\documents\visual studio 2012\Projects\p3\Debug\link.324-cvtres.read.1.tlog
C:\Users\Caleb\documents\visual studio 2012\Projects\p3\Debug\link.324-cvtres.write.1.tlog
C:\Users\Caleb\documents\visual studio 2012\Projects\p3\Debug\link.324-rc.read.1.tlog
C:\Users\Caleb\documents\visual studio 2012\Projects\p3\Debug\link.324-rc.write.1.tlog
C:\Users\Caleb\documents\visual studio 2012\Projects\p3\Debug\link.324.read.1.tlog
C:\Users\Caleb\documents\visual studio 2012\Projects\p3\Debug\link.324.write.1.tlog
C:\Users\Caleb\documents\visual studio 2012\Projects\p3\Debug\link.3252-cvtres.read.1.tlog
C:\Users\Caleb\documents\visual studio 2012\Projects\p3\Debug\link.3252-cvtres.write.1.tlog
C:\Users\Caleb\documents\visual studio 2012\Projects\p3\Debug\link.3252-rc.read.1.tlog
C:\Users\Caleb\documents\visual studio 2012\Projects\p3\Debug\link.3252-rc.write.1.tlog
C:\Users\Caleb\documents\visual studio 2012\Projects\p3\Debug\link.3252.read.1.tlog
C:\Users\Caleb\documents\visual studio 2012\Projects\p3\Debug\link.3252.write.1.tlog
C:\Users\Caleb\documents\visual studio 2012\Projects\p3\Debug\link.3284-cvtres.read.1.tlog
C:\Users\Caleb\documents\visual studio 2012\Projects\p3\Debug\link.3284-cvtres.write.1.tlog
C:\Users\Caleb\documents\visual studio 2012\Projects\p3\Debug\link.3284-rc.read.1.tlog
C:\Users\Caleb\documents\visual studio 2012\Projects\p3\Debug\link.3284-rc.write.1.tlog
C:\Users\Caleb\documents\visual studio 2012\Projects\p3\Debug\link.3284.read.1.tlog
C:\Users\Caleb\documents\visual studio 2012\Projects\p3\Debug\link.3284.write.1.tlog
C:\Users\Caleb\documents\visual studio 2012\Projects\p3\Debug\link.3292-cvtres.read.1.tlog
C:\Users\Caleb\documents\visual studio 2012\Projects\p3\Debug\link.3292-cvtres.write.1.tlog
C:\Users\Caleb\documents\visual studio 2012\Projects\p3\Debug\link.3292-rc.read.1.tlog
C:\Users\Caleb\documents\visual studio 2012\Projects\p3\Debug\link.3292-rc.write.1.tlog
C:\Users\Caleb\documents\visual studio 2012\Projects\p3\Debug\link.3292.read.1.tlog
C:\Users\Caleb\documents\visual studio 2012\Projects\p3\Debug\link.3292.write.1.tlog
C:\Users\Caleb\documents\visual studio 2012\Projects\p3\Debug\link.3356-cvtres.read.1.tlog
C:\Users\Caleb\documents\visual studio 2012\Projects\p3\Debug\link.3356-cvtres.write.1.tlog
C:\Users\Caleb\documents\visual studio 2012\Projects\p3\Debug\link.3356-rc.read.1.tlog
C:\Users\Caleb\documents\visual studio 2012\Projects\p3\Debug\link.3356-rc.write.1.tlog
C:\Users\Caleb\documents\visual studio 2012\Projects\p3\Debug\link.3356.read.1.tlog
C:\Users\Caleb\documents\visual studio 2012\Projects\p3\Debug\link.3356.write.1.tlog
C:\Users\Caleb\documents\visual studio 2012\Projects\p3\Debug\link.3472-cvtres.read.1.tlog
C:\Users\Caleb\documents\visual studio 2012\Projects\p3\Debug\link.3472-cvtres.write.1.tlog
C:\Users\Caleb\documents\visual studio 2012\Projects\p3\Debug\link.3472-rc.read.1.tlog
C:\Users\Caleb\documents\visual studio 2012\Projects\p3\Debug\link.3472-rc.write.1.tlog
C:\Users\Caleb\documents\visual studio 2012\Projects\p3\Debug\link.3472.read.1.tlog
C:\Users\Caleb\documents\visual studio 2012\Projects\p3\Debug\link.3472.write.1.tlog
C:\Users\Caleb\documents\visual studio 2012\Projects\p3\Debug\link.3528-cvtres.read.1.tlog
C:\Users\Caleb\documents\visual studio 2012\Projects\p3\Debug\link.3528-cvtres.write.1.tlog
C:\Users\Caleb\documents\visual studio 2012\Projects\p3\Debug\link.3528-rc.read.1.tlog
C:\Users\Caleb\documents\visual studio 2012\Projects\p3\Debug\link.3528-rc.write.1.tlog
C:\Users\Caleb\documents\visual studio 2012\Projects\p3\Debug\link.3528.read.1.tlog
C:\Users\Caleb\documents\visual studio 2012\Projects\p3\Debug\link.3528.write.1.tlog
C:\Users\Caleb\documents\visual studio 2012\Projects\p3\Debug\link.3540-cvtres.read.1.tlog
C:\Users\Caleb\documents\visual studio 2012\Projects\p3\Debug\link.3540-cvtres.write.1.tlog
C:\Users\Caleb\documents\visual studio 2012\Projects\p3\Debug\link.3540-rc.read.1.tlog
C:\Users\Caleb\documents\visual studio 2012\Projects\p3\Debug\link.3540-rc.write.1.tlog
C:\Users\Caleb\documents\visual studio 2012\Projects\p3\Debug\link.3540.read.1.tlog
C:\Users\Caleb\documents\visual studio 2012\Projects\p3\Debug\link.3540.write.1.tlog
C:\Users\Caleb\documents\visual studio 2012\Projects\p3\Debug\link.3572-cvtres.read.1.tlog
C:\Users\Caleb\documents\visual studio 2012\Projects\p3\Debug\link.3572-cvtres.write.1.tlog
C:\Users\Caleb\documents\visual studio 2012\Projects\p3\Debug\link.3572-rc.read.1.tlog
C:\Users\Caleb\documents\visual studio 2012\Projects\p3\Debug\link.3572-rc.write.1.tlog
C:\Users\Caleb\documents\visual studio 2012\Projects\p3\Debug\link.3572.read.1.tlog
C:\Users\Caleb\documents\visual studio 2012\Projects\p3\Debug\link.3572.write.1.tlog
C:\Users\Caleb\documents\visual studio 2012\Projects\p3\Debug\link.3624-cvtres.read.1.tlog
C:\Users\Caleb\documents\visual studio 2012\Projects\p3\Debug\link.3624-cvtres.write.1.tlog
C:\Users\Caleb\documents\visual studio 2012\Projects\p3\Debug\link.3624-rc.read.1.tlog
C:\Users\Caleb\documents\visual studio 2012\Projects\p3\Debug\link.3624-rc.write.1.tlog
C:\Users\Caleb\documents\visual studio 2012\Projects\p3\Debug\link.3624.read.1.tlog
C:\Users\Caleb\documents\visual studio 2012\Projects\p3\Debug\link.3624.write.1.tlog
C:\Users\Caleb\documents\visual studio 2012\Projects\p3\Debug\link.3656-cvtres.read.1.tlog
C:\Users\Caleb\documents\visual studio 2012\Projects\p3\Debug\link.3656-cvtres.write.1.tlog
C:\Users\Caleb\documents\visual studio 2012\Projects\p3\Debug\link.3656-rc.read.1.tlog
C:\Users\Caleb\documents\visual studio 2012\Projects\p3\Debug\link.3656-rc.write.1.tlog
C:\Users\Caleb\documents\visual studio 2012\Projects\p3\Debug\link.3656.read.1.tlog
C:\Users\Caleb\documents\visual studio 2012\Projects\p3\Debug\link.3656.write.1.tlog
C:\Users\Caleb\documents\visual studio 2012\Projects\p3\Debug\link.3684-cvtres.read.1.tlog
C:\Users\Caleb\documents\visual studio 2012\Projects\p3\Debug\link.3684-cvtres.write.1.tlog
C:\Users\Caleb\documents\visual studio 2012\Projects\p3\Debug\link.3684-rc.read.1.tlog
C:\Users\Caleb\documents\visual studio 2012\Projects\p3\Debug\link.3684-rc.write.1.tlog
C:\Users\Caleb\documents\visual studio 2012\Projects\p3\Debug\link.3684.read.1.tlog
C:\Users\Caleb\documents\visual studio 2012\Projects\p3\Debug\link.3684.write.1.tlog
C:\Users\Caleb\documents\visual studio 2012\Projects\p3\Debug\link.3724-cvtres.read.1.tlog
C:\Users\Caleb\documents\visual studio 2012\Projects\p3\Debug\link.3724-cvtres.write.1.tlog
C:\Users\Caleb\documents\visual studio 2012\Projects\p3\Debug\link.3724-rc.read.1.tlog
C:\Users\Caleb\documents\visual studio 2012\Projects\p3\Debug\link.3724-rc.write.1.tlog
C:\Users\Caleb\documents\visual studio 2012\Projects\p3\Debug\link.3724.read.1.tlog
C:\Users\Caleb\documents\visual studio 2012\Projects\p3\Debug\link.3724.write.1.tlog
C:\Users\Caleb\documents\visual studio 2012\Projects\p3\Debug\link.3732-cvtres.read.1.tlog
C:\Users\Caleb\documents\visual studio 2012\Projects\p3\Debug\link.3732-cvtres.write.1.tlog
C:\Users\Caleb\documents\visual studio 2012\Projects\p3\Debug\link.3732-rc.read.1.tlog
C:\Users\Caleb\documents\visual studio 2012\Projects\p3\Debug\link.3732-rc.write.1.tlog
C:\Users\Caleb\documents\visual studio 2012\Projects\p3\Debug\link.3732.read.1.tlog
C:\Users\Caleb\documents\visual studio 2012\Projects\p3\Debug\link.3732.write.1.tlog
C:\Users\Caleb\documents\visual studio 2012\Projects\p3\Debug\link.3752-cvtres.read.1.tlog
C:\Users\Caleb\documents\visual studio 2012\Projects\p3\Debug\link.3752-cvtres.write.1.tlog
C:\Users\Caleb\documents\visual studio 2012\Projects\p3\Debug\link.3752-rc.read.1.tlog
C:\Users\Caleb\documents\visual studio 2012\Projects\p3\Debug\link.3752-rc.write.1.tlog
C:\Users\Caleb\documents\visual studio 2012\Projects\p3\Debug\link.3752.read.1.tlog
C:\Users\Caleb\documents\visual studio 2012\Projects\p3\Debug\link.3752.write.1.tlog
C:\Users\Caleb\documents\visual studio 2012\Projects\p3\Debug\link.3864-cvtres.read.1.tlog
C:\Users\Caleb\documents\visual studio 2012\Projects\p3\Debug\link.3864-cvtres.write.1.tlog
C:\Users\Caleb\documents\visual studio 2012\Projects\p3\Debug\link.3864-rc.read.1.tlog
C:\Users\Caleb\documents\visual studio 2012\Projects\p3\Debug\link.3864-rc.write.1.tlog
C:\Users\Caleb\documents\visual studio 2012\Projects\p3\Debug\link.3864.read.1.tlog
C:\Users\Caleb\documents\visual studio 2012\Projects\p3\Debug\link.3864.write.1.tlog
C:\Users\Caleb\documents\visual studio 2012\Projects\p3\Debug\link.3876-cvtres.read.1.tlog
C:\Users\Caleb\documents\visual studio 2012\Projects\p3\Debug\link.3876-cvtres.write.1.tlog
C:\Users\Caleb\documents\visual studio 2012\Projects\p3\Debug\link.3876-rc.read.1.tlog
C:\Users\Caleb\documents\visual studio 2012\Projects\p3\Debug\link.3876-rc.write.1.tlog
C:\Users\Caleb\documents\visual studio 2012\Projects\p3\Debug\link.3876.read.1.tlog
C:\Users\Caleb\documents\visual studio 2012\Projects\p3\Debug\link.3876.write.1.tlog
C:\Users\Caleb\documents\visual studio 2012\Projects\p3\Debug\link.3924-cvtres.read.1.tlog
C:\Users\Caleb\documents\visual studio 2012\Projects\p3\Debug\link.3924-cvtres.write.1.tlog
C:\Users\Caleb\documents\visual studio 2012\Projects\p3\Debug\link.3924-rc.read.1.tlog
C:\Users\Caleb\documents\visual studio 2012\Projects\p3\Debug\link.3924-rc.write.1.tlog
C:\Users\Caleb\documents\visual studio 2012\Projects\p3\Debug\link.3924.read.1.tlog
C:\Users\Caleb\documents\visual studio 2012\Projects\p3\Debug\link.3924.write.1.tlog
C:\Users\Caleb\documents\visual studio 2012\Projects\p3\Debug\link.3940-cvtres.read.1.tlog
C:\Users\Caleb\documents\visual studio 2012\Projects\p3\Debug\link.3940-cvtres.write.1.tlog
C:\Users\Caleb\documents\visual studio 2012\Projects\p3\Debug\link.3940-rc.read.1.tlog
C:\Users\Caleb\documents\visual studio 2012\Projects\p3\Debug\link.3940-rc.write.1.tlog
C:\Users\Caleb\documents\visual studio 2012\Projects\p3\Debug\link.3940.read.1.tlog
C:\Users\Caleb\documents\visual studio 2012\Projects\p3\Debug\link.3940.write.1.tlog
C:\Users\Caleb\documents\visual studio 2012\Projects\p3\Debug\link.3952-cvtres.read.1.tlog
C:\Users\Caleb\documents\visual studio 2012\Projects\p3\Debug\link.3952-cvtres.write.1.tlog
C:\Users\Caleb\documents\visual studio 2012\Projects\p3\Debug\link.3952-rc.read.1.tlog
C:\Users\Caleb\documents\visual studio 2012\Projects\p3\Debug\link.3952-rc.write.1.tlog
C:\Users\Caleb\documents\visual studio 2012\Projects\p3\Debug\link.3952.read.1.tlog
C:\Users\Caleb\documents\visual studio 2012\Projects\p3\Debug\link.3952.write.1.tlog
C:\Users\Caleb\documents\visual studio 2012\Projects\p3\Debug\link.3980-cvtres.read.1.tlog
C:\Users\Caleb\documents\visual studio 2012\Projects\p3\Debug\link.3980-cvtres.write.1.tlog
C:\Users\Caleb\documents\visual studio 2012\Projects\p3\Debug\link.3980-rc.read.1.tlog
C:\Users\Caleb\documents\visual studio 2012\Projects\p3\Debug\link.3980-rc.write.1.tlog
C:\Users\Caleb\documents\visual studio 2012\Projects\p3\Debug\link.3980.read.1.tlog
C:\Users\Caleb\documents\visual studio 2012\Projects\p3\Debug\link.3980.write.1.tlog
C:\Users\Caleb\documents\visual studio 2012\Projects\p3\Debug\link.4044-cvtres.read.1.tlog
C:\Users\Caleb\documents\visual studio 2012\Projects\p3\Debug\link.4044-cvtres.write.1.tlog
C:\Users\Caleb\documents\visual studio 2012\Projects\p3\Debug\link.4044-rc.read.1.tlog
C:\Users\Caleb\documents\visual studio 2012\Projects\p3\Debug\link.4044-rc.write.1.tlog
C:\Users\Caleb\documents\visual studio 2012\Projects\p3\Debug\link.4044.read.1.tlog
C:\Users\Caleb\documents\visual studio 2012\Projects\p3\Debug\link.4044.write.1.tlog
C:\Users\Caleb\documents\visual studio 2012\Projects\p3\Debug\link.4068-cvtres.read.1.tlog
C:\Users\Caleb\documents\visual studio 2012\Projects\p3\Debug\link.4068-cvtres.write.1.tlog
C:\Users\Caleb\documents\visual studio 2012\Projects\p3\Debug\link.4068-rc.read.1.tlog
C:\Users\Caleb\documents\visual studio 2012\Projects\p3\Debug\link.4068-rc.write.1.tlog
C:\Users\Caleb\documents\visual studio 2012\Projects\p3\Debug\link.4068.read.1.tlog
C:\Users\Caleb\documents\visual studio 2012\Projects\p3\Debug\link.4068.write.1.tlog
C:\Users\Caleb\documents\visual studio 2012\Projects\p3\Debug\link.4116-cvtres.read.1.tlog
C:\Users\Caleb\documents\visual studio 2012\Projects\p3\Debug\link.4116-cvtres.write.1.tlog
C:\Users\Caleb\documents\visual studio 2012\Projects\p3\Debug\link.4116-rc.read.1.tlog
C:\Users\Caleb\documents\visual studio 2012\Projects\p3\Debug\link.4116-rc.write.1.tlog
C:\Users\Caleb\documents\visual studio 2012\Projects\p3\Debug\link.4116.read.1.tlog
C:\Users\Caleb\documents\visual studio 2012\Projects\p3\Debug\link.4116.write.1.tlog
C:\Users\Caleb\documents\visual studio 2012\Projects\p3\Debug\link.4120-cvtres.read.1.tlog
C:\Users\Caleb\documents\visual studio 2012\Projects\p3\Debug\link.4120-cvtres.write.1.tlog
C:\Users\Caleb\documents\visual studio 2012\Projects\p3\Debug\link.4120-rc.read.1.tlog
C:\Users\Caleb\documents\visual studio 2012\Projects\p3\Debug\link.4120-rc.write.1.tlog
C:\Users\Caleb\documents\visual studio 2012\Projects\p3\Debug\link.4120.read.1.tlog
C:\Users\Caleb\documents\visual studio 2012\Projects\p3\Debug\link.4120.write.1.tlog
C:\Users\Caleb\documents\visual studio 2012\Projects\p3\Debug\link.4144-cvtres.read.1.tlog
C:\Users\Caleb\documents\visual studio 2012\Projects\p3\Debug\link.4144-cvtres.write.1.tlog
C:\Users\Caleb\documents\visual studio 2012\Projects\p3\Debug\link.4144-rc.read.1.tlog
C:\Users\Caleb\documents\visual studio 2012\Projects\p3\Debug\link.4144-rc.write.1.tlog
C:\Users\Caleb\documents\visual studio 2012\Projects\p3\Debug\link.4144.read.1.tlog
C:\Users\Caleb\documents\visual studio 2012\Projects\p3\Debug\link.4144.write.1.tlog
C:\Users\Caleb\documents\visual studio 2012\Projects\p3\Debug\link.4176-cvtres.read.1.tlog
C:\Users\Caleb\documents\visual studio 2012\Projects\p3\Debug\link.4176-cvtres.write.1.tlog
C:\Users\Caleb\documents\visual studio 2012\Projects\p3\Debug\link.4176-rc.read.1.tlog
C:\Users\Caleb\documents\visual studio 2012\Projects\p3\Debug\link.4176-rc.write.1.tlog
C:\Users\Caleb\documents\visual studio 2012\Projects\p3\Debug\link.4176.read.1.tlog
C:\Users\Caleb\documents\visual studio 2012\Projects\p3\Debug\link.4176.write.1.tlog
C:\Users\Caleb\documents\visual studio 2012\Projects\p3\Debug\link.4196-cvtres.read.1.tlog
C:\Users\Caleb\documents\visual studio 2012\Projects\p3\Debug\link.4196-cvtres.write.1.tlog
C:\Users\Caleb\documents\visual studio 2012\Projects\p3\Debug\link.4196-rc.read.1.tlog
C:\Users\Caleb\documents\visual studio 2012\Projects\p3\Debug\link.4196-rc.write.1.tlog
C:\Users\Caleb\documents\visual studio 2012\Projects\p3\Debug\link.4196.read.1.tlog
C:\Users\Caleb\documents\visual studio 2012\Projects\p3\Debug\link.4196.write.1.tlog
C:\Users\Caleb\documents\visual studio 2012\Projects\p3\Debug\link.4220-cvtres.read.1.tlog
C:\Users\Caleb\documents\visual studio 2012\Projects\p3\Debug\link.4220-cvtres.write.1.tlog
C:\Users\Caleb\documents\visual studio 2012\Projects\p3\Debug\link.4220-rc.read.1.tlog
C:\Users\Caleb\documents\visual studio 2012\Projects\p3\Debug\link.4220-rc.write.1.tlog
C:\Users\Caleb\documents\visual studio 2012\Projects\p3\Debug\link.4220.read.1.tlog
C:\Users\Caleb\documents\visual studio 2012\Projects\p3\Debug\link.4220.write.1.tlog
C:\Users\Caleb\documents\visual studio 2012\Projects\p3\Debug\link.4252-cvtres.read.1.tlog
C:\Users\Caleb\documents\visual studio 2012\Projects\p3\Debug\link.4252-cvtres.write.1.tlog
C:\Users\Caleb\documents\visual studio 2012\Projects\p3\Debug\link.4252-rc.read.1.tlog
C:\Users\Caleb\documents\visual studio 2012\Projects\p3\Debug\link.4252-rc.write.1.tlog
C:\Users\Caleb\documents\visual studio 2012\Projects\p3\Debug\link.4252.read.1.tlog
C:\Users\Caleb\documents\visual studio 2012\Projects\p3\Debug\link.4252.write.1.tlog
C:\Users\Caleb\documents\visual studio 2012\Projects\p3\Debug\link.4256-cvtres.read.1.tlog
C:\Users\Caleb\documents\visual studio 2012\Projects\p3\Debug\link.4256-cvtres.write.1.tlog
C:\Users\Caleb\documents\visual studio 2012\Projects\p3\Debug\link.4256-rc.read.1.tlog
C:\Users\Caleb\documents\visual studio 2012\Projects\p3\Debug\link.4256-rc.write.1.tlog
C:\Users\Caleb\documents\visual studio 2012\Projects\p3\Debug\link.4256.read.1.tlog
C:\Users\Caleb\documents\visual studio 2012\Projects\p3\Debug\link.4256.write.1.tlog
C:\Users\Caleb\documents\visual studio 2012\Projects\p3\Debug\link.4264-cvtres.read.1.tlog
C:\Users\Caleb\documents\visual studio 2012\Projects\p3\Debug\link.4264-cvtres.write.1.tlog
C:\Users\Caleb\documents\visual studio 2012\Projects\p3\Debug\link.4264-rc.read.1.tlog
C:\Users\Caleb\documents\visual studio 2012\Projects\p3\Debug\link.4264-rc.write.1.tlog
C:\Users\Caleb\documents\visual studio 2012\Projects\p3\Debug\link.4264.read.1.tlog
C:\Users\Caleb\documents\visual studio 2012\Projects\p3\Debug\link.4264.write.1.tlog
C:\Users\Caleb\documents\visual studio 2012\Projects\p3\Debug\link.4332-cvtres.read.1.tlog
C:\Users\Caleb\documents\visual studio 2012\Projects\p3\Debug\link.4332-cvtres.write.1.tlog
C:\Users\Caleb\documents\visual studio 2012\Projects\p3\Debug\link.4332-rc.read.1.tlog
C:\Users\Caleb\documents\visual studio 2012\Projects\p3\Debug\link.4332-rc.write.1.tlog
C:\Users\Caleb\documents\visual studio 2012\Projects\p3\Debug\link.4332.read.1.tlog
C:\Users\Caleb\documents\visual studio 2012\Projects\p3\Debug\link.4332.write.1.tlog
C:\Users\Caleb\documents\visual studio 2012\Projects\p3\Debug\link.4440-cvtres.read.1.tlog
C:\Users\Caleb\documents\visual studio 2012\Projects\p3\Debug\link.4440-cvtres.write.1.tlog
C:\Users\Caleb\documents\visual studio 2012\Projects\p3\Debug\link.4440-rc.read.1.tlog
C:\Users\Caleb\documents\visual studio 2012\Projects\p3\Debug\link.4440-rc.write.1.tlog
C:\Users\Caleb\documents\visual studio 2012\Projects\p3\Debug\link.4440.read.1.tlog
C:\Users\Caleb\documents\visual studio 2012\Projects\p3\Debug\link.4440.write.1.tlog
C:\Users\Caleb\documents\visual studio 2012\Projects\p3\Debug\link.4480-cvtres.read.1.tlog
C:\Users\Caleb\documents\visual studio 2012\Projects\p3\Debug\link.4480-cvtres.write.1.tlog
C:\Users\Caleb\documents\visual studio 2012\Projects\p3\Debug\link.4480-rc.read.1.tlog
C:\Users\Caleb\documents\visual studio 2012\Projects\p3\Debug\link.4480-rc.write.1.tlog
C:\Users\Caleb\documents\visual studio 2012\Projects\p3\Debug\link.4480.read.1.tlog
C:\Users\Caleb\documents\visual studio 2012\Projects\p3\Debug\link.4480.write.1.tlog
C:\Users\Caleb\documents\visual studio 2012\Projects\p3\Debug\link.4560-cvtres.read.1.tlog
C:\Users\Caleb\documents\visual studio 2012\Projects\p3\Debug\link.4560-cvtres.write.1.tlog
C:\Users\Caleb\documents\visual studio 2012\Projects\p3\Debug\link.4560-rc.read.1.tlog
C:\Users\Caleb\documents\visual studio 2012\Projects\p3\Debug\link.4560-rc.write.1.tlog
C:\Users\Caleb\documents\visual studio 2012\Projects\p3\Debug\link.4560.read.1.tlog
C:\Users\Caleb\documents\visual studio 2012\Projects\p3\Debug\link.4560.write.1.tlog
C:\Users\Caleb\documents\visual studio 2012\Projects\p3\Debug\link.4576-cvtres.read.1.tlog
C:\Users\Caleb\documents\visual studio 2012\Projects\p3\Debug\link.4576-cvtres.write.1.tlog
C:\Users\Caleb\documents\visual studio 2012\Projects\p3\Debug\link.4576-rc.read.1.tlog
C:\Users\Caleb\documents\visual studio 2012\Projects\p3\Debug\link.4576-rc.write.1.tlog
C:\Users\Caleb\documents\visual studio 2012\Projects\p3\Debug\link.4576.read.1.tlog
C:\Users\Caleb\documents\visual studio 2012\Projects\p3\Debug\link.4576.write.1.tlog
C:\Users\Caleb\documents\visual studio 2012\Projects\p3\Debug\link.4632-cvtres.read.1.tlog
C:\Users\Caleb\documents\visual studio 2012\Projects\p3\Debug\link.4632-cvtres.write.1.tlog
C:\Users\Caleb\documents\visual studio 2012\Projects\p3\Debug\link.4632-rc.read.1.tlog
C:\Users\Caleb\documents\visual studio 2012\Projects\p3\Debug\link.4632-rc.write.1.tlog
C:\Users\Caleb\documents\visual studio 2012\Projects\p3\Debug\link.4632.read.1.tlog
C:\Users\Caleb\documents\visual studio 2012\Projects\p3\Debug\link.4632.write.1.tlog
C:\Users\Caleb\documents\visual studio 2012\Projects\p3\Debug\link.4700-cvtres.read.1.tlog
C:\Users\Caleb\documents\visual studio 2012\Projects\p3\Debug\link.4700-cvtres.write.1.tlog
C:\Users\Caleb\documents\visual studio 2012\Projects\p3\Debug\link.4700-rc.read.1.tlog
C:\Users\Caleb\documents\visual studio 2012\Projects\p3\Debug\link.4700-rc.write.1.tlog
C:\Users\Caleb\documents\visual studio 2012\Projects\p3\Debug\link.4700.read.1.tlog
C:\Users\Caleb\documents\visual studio 2012\Projects\p3\Debug\link.4700.write.1.tlog
C:\Users\Caleb\documents\visual studio 2012\Projects\p3\Debug\link.4704-cvtres.read.1.tlog
C:\Users\Caleb\documents\visual studio 2012\Projects\p3\Debug\link.4704-cvtres.write.1.tlog
C:\Users\Caleb\documents\visual studio 2012\Projects\p3\Debug\link.4704-rc.read.1.tlog
C:\Users\Caleb\documents\visual studio 2012\Projects\p3\Debug\link.4704-rc.write.1.tlog
C:\Users\Caleb\documents\visual studio 2012\Projects\p3\Debug\link.4704.read.1.tlog
C:\Users\Caleb\documents\visual studio 2012\Projects\p3\Debug\link.4704.write.1.tlog
C:\Users\Caleb\documents\visual studio 2012\Projects\p3\Debug\link.4732-cvtres.read.1.tlog
C:\Users\Caleb\documents\visual studio 2012\Projects\p3\Debug\link.4732-cvtres.write.1.tlog
C:\Users\Caleb\documents\visual studio 2012\Projects\p3\Debug\link.4732-rc.read.1.tlog
C:\Users\Caleb\documents\visual studio 2012\Projects\p3\Debug\link.4732-rc.write.1.tlog
C:\Users\Caleb\documents\visual studio 2012\Projects\p3\Debug\link.4732.read.1.tlog
C:\Users\Caleb\documents\visual studio 2012\Projects\p3\Debug\link.4732.write.1.tlog
C:\Users\Caleb\documents\visual studio 2012\Projects\p3\Debug\link.4752-cvtres.read.1.tlog
C:\Users\Caleb\documents\visual studio 2012\Projects\p3\Debug\link.4752-cvtres.write.1.tlog
C:\Users\Caleb\documents\visual studio 2012\Projects\p3\Debug\link.4752-rc.read.1.tlog
C:\Users\Caleb\documents\visual studio 2012\Projects\p3\Debug\link.4752-rc.write.1.tlog
C:\Users\Caleb\documents\visual studio 2012\Projects\p3\Debug\link.4752.read.1.tlog
C:\Users\Caleb\documents\visual studio 2012\Projects\p3\Debug\link.4752.write.1.tlog
C:\Users\Caleb\documents\visual studio 2012\Projects\p3\Debug\link.4768-cvtres.read.1.tlog
C:\Users\Caleb\documents\visual studio 2012\Projects\p3\Debug\link.4768-cvtres.write.1.tlog
C:\Users\Caleb\documents\visual studio 2012\Projects\p3\Debug\link.4768-rc.read.1.tlog
C:\Users\Caleb\documents\visual studio 2012\Projects\p3\Debug\link.4768-rc.write.1.tlog
C:\Users\Caleb\documents\visual studio 2012\Projects\p3\Debug\link.4768.read.1.tlog
C:\Users\Caleb\documents\visual studio 2012\Projects\p3\Debug\link.4768.write.1.tlog
C:\Users\Caleb\documents\visual studio 2012\Projects\p3\Debug\link.4812-cvtres.read.1.tlog
C:\Users\Caleb\documents\visual studio 2012\Projects\p3\Debug\link.4812-cvtres.write.1.tlog
C:\Users\Caleb\documents\visual studio 2012\Projects\p3\Debug\link.4812-rc.read.1.tlog
C:\Users\Caleb\documents\visual studio 2012\Projects\p3\Debug\link.4812-rc.write.1.tlog
C:\Users\Caleb\documents\visual studio 2012\Projects\p3\Debug\link.4812.read.1.tlog
C:\Users\Caleb\documents\visual studio 2012\Projects\p3\Debug\link.4812.write.1.tlog
C:\Users\Caleb\documents\visual studio 2012\Projects\p3\Debug\link.4836-cvtres.read.1.tlog
C:\Users\Caleb\documents\visual studio 2012\Projects\p3\Debug\link.4836-cvtres.write.1.tlog
C:\Users\Caleb\documents\visual studio 2012\Projects\p3\Debug\link.4836-rc.read.1.tlog
C:\Users\Caleb\documents\visual studio 2012\Projects\p3\Debug\link.4836-rc.write.1.tlog
C:\Users\Caleb\documents\visual studio 2012\Projects\p3\Debug\link.4836.read.1.tlog
C:\Users\Caleb\documents\visual studio 2012\Projects\p3\Debug\link.4836.write.1.tlog
C:\Users\Caleb\documents\visual studio 2012\Projects\p3\Debug\link.4856-cvtres.read.1.tlog
C:\Users\Caleb\documents\visual studio 2012\Projects\p3\Debug\link.4856-cvtres.write.1.tlog
C:\Users\Caleb\documents\visual studio 2012\Projects\p3\Debug\link.4856-rc.read.1.tlog
C:\Users\Caleb\documents\visual studio 2012\Projects\p3\Debug\link.4856-rc.write.1.tlog
C:\Users\Caleb\documents\visual studio 2012\Projects\p3\Debug\link.4856.read.1.tlog
C:\Users\Caleb\documents\visual studio 2012\Projects\p3\Debug\link.4856.write.1.tlog
C:\Users\Caleb\documents\visual studio 2012\Projects\p3\Debug\link.4908-cvtres.read.1.tlog
C:\Users\Caleb\documents\visual studio 2012\Projects\p3\Debug\link.4908-cvtres.write.1.tlog
C:\Users\Caleb\documents\visual studio 2012\Projects\p3\Debug\link.4908-rc.read.1.tlog
C:\Users\Caleb\documents\visual studio 2012\Projects\p3\Debug\link.4908-rc.write.1.tlog
C:\Users\Caleb\documents\visual studio 2012\Projects\p3\Debug\link.4908.read.1.tlog
C:\Users\Caleb\documents\visual studio 2012\Projects\p3\Debug\link.4908.write.1.tlog
C:\Users\Caleb\documents\visual studio 2012\Projects\p3\Debug\link.4932-cvtres.read.1.tlog
C:\Users\Caleb\documents\visual studio 2012\Projects\p3\Debug\link.4932-cvtres.write.1.tlog
C:\Users\Caleb\documents\visual studio 2012\Projects\p3\Debug\link.4932-rc.read.1.tlog
C:\Users\Caleb\documents\visual studio 2012\Projects\p3\Debug\link.4932-rc.write.1.tlog
C:\Users\Caleb\documents\visual studio 2012\Projects\p3\Debug\link.4932.read.1.tlog
C:\Users\Caleb\documents\visual studio 2012\Projects\p3\Debug\link.4932.write.1.tlog
C:\Users\Caleb\documents\visual studio 2012\Projects\p3\Debug\link.4956-cvtres.read.1.tlog
C:\Users\Caleb\documents\visual studio 2012\Projects\p3\Debug\link.4956-cvtres.write.1.tlog
C:\Users\Caleb\documents\visual studio 2012\Projects\p3\Debug\link.4956-rc.read.1.tlog
C:\Users\Caleb\documents\visual studio 2012\Projects\p3\Debug\link.4956-rc.write.1.tlog
C:\Users\Caleb\documents\visual studio 2012\Projects\p3\Debug\link.4956.read.1.tlog
C:\Users\Caleb\documents\visual studio 2012\Projects\p3\Debug\link.4956.write.1.tlog
C:\Users\Caleb\documents\visual studio 2012\Projects\p3\Debug\link.4968-cvtres.read.1.tlog
C:\Users\Caleb\documents\visual studio 2012\Projects\p3\Debug\link.4968-cvtres.write.1.tlog
C:\Users\Caleb\documents\visual studio 2012\Projects\p3\Debug\link.4968-rc.read.1.tlog
C:\Users\Caleb\documents\visual studio 2012\Projects\p3\Debug\link.4968-rc.write.1.tlog
C:\Users\Caleb\documents\visual studio 2012\Projects\p3\Debug\link.4968.read.1.tlog
C:\Users\Caleb\documents\visual studio 2012\Projects\p3\Debug\link.4968.write.1.tlog
C:\Users\Caleb\documents\visual studio 2012\Projects\p3\Debug\link.4976-cvtres.read.1.tlog
C:\Users\Caleb\documents\visual studio 2012\Projects\p3\Debug\link.4976-cvtres.write.1.tlog
C:\Users\Caleb\documents\visual studio 2012\Projects\p3\Debug\link.4976-rc.read.1.tlog
C:\Users\Caleb\documents\visual studio 2012\Projects\p3\Debug\link.4976-rc.write.1.tlog
C:\Users\Caleb\documents\visual studio 2012\Projects\p3\Debug\link.4976.read.1.tlog
C:\Users\Caleb\documents\visual studio 2012\Projects\p3\Debug\link.4976.write.1.tlog
C:\Users\Caleb\documents\visual studio 2012\Projects\p3\Debug\link.5020-cvtres.read.1.tlog
C:\Users\Caleb\documents\visual studio 2012\Projects\p3\Debug\link.5020-cvtres.write.1.tlog
C:\Users\Caleb\documents\visual studio 2012\Projects\p3\Debug\link.5020-rc.read.1.tlog
C:\Users\Caleb\documents\visual studio 2012\Projects\p3\Debug\link.5020-rc.write.1.tlog
C:\Users\Caleb\documents\visual studio 2012\Projects\p3\Debug\link.5020.read.1.tlog
C:\Users\Caleb\documents\visual studio 2012\Projects\p3\Debug\link.5020.write.1.tlog
C:\Users\Caleb\documents\visual studio 2012\Projects\p3\Debug\link.5072-cvtres.read.1.tlog
C:\Users\Caleb\documents\visual studio 2012\Projects\p3\Debug\link.5072-cvtres.write.1.tlog
C:\Users\Caleb\documents\visual studio 2012\Projects\p3\Debug\link.5072-rc.read.1.tlog
C:\Users\Caleb\documents\visual studio 2012\Projects\p3\Debug\link.5072-rc.write.1.tlog
C:\Users\Caleb\documents\visual studio 2012\Projects\p3\Debug\link.5072.read.1.tlog
C:\Users\Caleb\documents\visual studio 2012\Projects\p3\Debug\link.5072.write.1.tlog
C:\Users\Caleb\documents\visual studio 2012\Projects\p3\Debug\link.5124-cvtres.read.1.tlog
C:\Users\Caleb\documents\visual studio 2012\Projects\p3\Debug\link.5124-cvtres.write.1.tlog
C:\Users\Caleb\documents\visual studio 2012\Projects\p3\Debug\link.5124-rc.read.1.tlog
C:\Users\Caleb\documents\visual studio 2012\Projects\p3\Debug\link.5124-rc.write.1.tlog
C:\Users\Caleb\documents\visual studio 2012\Projects\p3\Debug\link.5124.read.1.tlog
C:\Users\Caleb\documents\visual studio 2012\Projects\p3\Debug\link.5124.write.1.tlog
C:\Users\Caleb\documents\visual studio 2012\Projects\p3\Debug\link.5168-cvtres.read.1.tlog
C:\Users\Caleb\documents\visual studio 2012\Projects\p3\Debug\link.5168-cvtres.write.1.tlog
C:\Users\Caleb\documents\visual studio 2012\Projects\p3\Debug\link.5168-rc.read.1.tlog
C:\Users\Caleb\documents\visual studio 2012\Projects\p3\Debug\link.5168-rc.write.1.tlog
C:\Users\Caleb\documents\visual studio 2012\Projects\p3\Debug\link.5168.read.1.tlog
C:\Users\Caleb\documents\visual studio 2012\Projects\p3\Debug\link.5168.write.1.tlog
C:\Users\Caleb\documents\visual studio 2012\Projects\p3\Debug\link.5196-cvtres.read.1.tlog
C:\Users\Caleb\documents\visual studio 2012\Projects\p3\Debug\link.5196-cvtres.write.1.tlog
C:\Users\Caleb\documents\visual studio 2012\Projects\p3\Debug\link.5196-rc.read.1.tlog
C:\Users\Caleb\documents\visual studio 2012\Projects\p3\Debug\link.5196-rc.write.1.tlog
C:\Users\Caleb\documents\visual studio 2012\Projects\p3\Debug\link.5196.read.1.tlog
C:\Users\Caleb\documents\visual studio 2012\Projects\p3\Debug\link.5196.write.1.tlog
C:\Users\Caleb\documents\visual studio 2012\Projects\p3\Debug\link.5236-cvtres.read.1.tlog
C:\Users\Caleb\documents\visual studio 2012\Projects\p3\Debug\link.5236-cvtres.write.1.tlog
C:\Users\Caleb\documents\visual studio 2012\Projects\p3\Debug\link.5236-rc.read.1.tlog
C:\Users\Caleb\documents\visual studio 2012\Projects\p3\Debug\link.5236-rc.write.1.tlog
C:\Users\Caleb\documents\visual studio 2012\Projects\p3\Debug\link.5236.read.1.tlog
C:\Users\Caleb\documents\visual studio 2012\Projects\p3\Debug\link.5236.write.1.tlog
C:\Users\Caleb\documents\visual studio 2012\Projects\p3\Debug\link.5240-cvtres.read.1.tlog
C:\Users\Caleb\documents\visual studio 2012\Projects\p3\Debug\link.5240-cvtres.write.1.tlog
C:\Users\Caleb\documents\visual studio 2012\Projects\p3\Debug\link.5240-rc.read.1.tlog
C:\Users\Caleb\documents\visual studio 2012\Projects\p3\Debug\link.5240-rc.write.1.tlog
C:\Users\Caleb\documents\visual studio 2012\Projects\p3\Debug\link.5240.read.1.tlog
C:\Users\Caleb\documents\visual studio 2012\Projects\p3\Debug\link.5240.write.1.tlog
C:\Users\Caleb\documents\visual studio 2012\Projects\p3\Debug\link.5248-cvtres.read.1.tlog
C:\Users\Caleb\documents\visual studio 2012\Projects\p3\Debug\link.5248-cvtres.write.1.tlog
C:\Users\Caleb\documents\visual studio 2012\Projects\p3\Debug\link.5248-rc.read.1.tlog
C:\Users\Caleb\documents\visual studio 2012\Projects\p3\Debug\link.5248-rc.write.1.tlog
C:\Users\Caleb\documents\visual studio 2012\Projects\p3\Debug\link.5248.read.1.tlog
C:\Users\Caleb\documents\visual studio 2012\Projects\p3\Debug\link.5248.write.1.tlog
C:\Users\Caleb\documents\visual studio 2012\Projects\p3\Debug\link.5308-cvtres.read.1.tlog
C:\Users\Caleb\documents\visual studio 2012\Projects\p3\Debug\link.5308-cvtres.write.1.tlog
C:\Users\Caleb\documents\visual studio 2012\Projects\p3\Debug\link.5308-rc.read.1.tlog
C:\Users\Caleb\documents\visual studio 2012\Projects\p3\Debug\link.5308-rc.write.1.tlog
C:\Users\Caleb\documents\visual studio 2012\Projects\p3\Debug\link.5308.read.1.tlog
C:\Users\Caleb\documents\visual studio 2012\Projects\p3\Debug\link.5308.write.1.tlog
C:\Users\Caleb\documents\visual studio 2012\Projects\p3\Debug\link.5332-cvtres.read.1.tlog
C:\Users\Caleb\documents\visual studio 2012\Projects\p3\Debug\link.5332-cvtres.write.1.tlog
C:\Users\Caleb\documents\visual studio 2012\Projects\p3\Debug\link.5332-rc.read.1.tlog
C:\Users\Caleb\documents\visual studio 2012\Projects\p3\Debug\link.5332-rc.write.1.tlog
C:\Users\Caleb\documents\visual studio 2012\Projects\p3\Debug\link.5332.read.1.tlog
C:\Users\Caleb\documents\visual studio 2012\Projects\p3\Debug\link.5332.write.1.tlog
C:\Users\Caleb\documents\visual studio 2012\Projects\p3\Debug\link.5352-cvtres.read.1.tlog
C:\Users\Caleb\documents\visual studio 2012\Projects\p3\Debug\link.5352-cvtres.write.1.tlog
C:\Users\Caleb\documents\visual studio 2012\Projects\p3\Debug\link.5352-rc.read.1.tlog
C:\Users\Caleb\documents\visual studio 2012\Projects\p3\Debug\link.5352-rc.write.1.tlog
C:\Users\Caleb\documents\visual studio 2012\Projects\p3\Debug\link.5352.read.1.tlog
C:\Users\Caleb\documents\visual studio 2012\Projects\p3\Debug\link.5352.write.1.tlog
C:\Users\Caleb\documents\visual studio 2012\Projects\p3\Debug\link.5368-cvtres.read.1.tlog
C:\Users\Caleb\documents\visual studio 2012\Projects\p3\Debug\link.5368-cvtres.write.1.tlog
C:\Users\Caleb\documents\visual studio 2012\Projects\p3\Debug\link.5368-rc.read.1.tlog
C:\Users\Caleb\documents\visual studio 2012\Projects\p3\Debug\link.5368-rc.write.1.tlog
C:\Users\Caleb\documents\visual studio 2012\Projects\p3\Debug\link.5368.read.1.tlog
C:\Users\Caleb\documents\visual studio 2012\Projects\p3\Debug\link.5368.write.1.tlog
C:\Users\Caleb\documents\visual studio 2012\Projects\p3\Debug\link.5376-cvtres.read.1.tlog
C:\Users\Caleb\documents\visual studio 2012\Projects\p3\Debug\link.5376-cvtres.write.1.tlog
C:\Users\Caleb\documents\visual studio 2012\Projects\p3\Debug\link.5376-rc.read.1.tlog
C:\Users\Caleb\documents\visual studio 2012\Projects\p3\Debug\link.5376-rc.write.1.tlog
C:\Users\Caleb\documents\visual studio 2012\Projects\p3\Debug\link.5376.read.1.tlog
C:\Users\Caleb\documents\visual studio 2012\Projects\p3\Debug\link.5376.write.1.tlog
C:\Users\Caleb\documents\visual studio 2012\Projects\p3\Debug\link.5428-cvtres.read.1.tlog
C:\Users\Caleb\documents\visual studio 2012\Projects\p3\Debug\link.5428-cvtres.write.1.tlog
C:\Users\Caleb\documents\visual studio 2012\Projects\p3\Debug\link.5428-rc.read.1.tlog
C:\Users\Caleb\documents\visual studio 2012\Projects\p3\Debug\link.5428-rc.write.1.tlog
C:\Users\Caleb\documents\visual studio 2012\Projects\p3\Debug\link.5428.read.1.tlog
C:\Users\Caleb\documents\visual studio 2012\Projects\p3\Debug\link.5428.write.1.tlog
C:\Users\Caleb\documents\visual studio 2012\Projects\p3\Debug\link.5540-cvtres.read.1.tlog
C:\Users\Caleb\documents\visual studio 2012\Projects\p3\Debug\link.5540-cvtres.write.1.tlog
C:\Users\Caleb\documents\visual studio 2012\Projects\p3\Debug\link.5540-rc.read.1.tlog
C:\Users\Caleb\documents\visual studio 2012\Projects\p3\Debug\link.5540-rc.write.1.tlog
C:\Users\Caleb\documents\visual studio 2012\Projects\p3\Debug\link.5540.read.1.tlog
C:\Users\Caleb\documents\visual studio 2012\Projects\p3\Debug\link.5540.write.1.tlog
C:\Users\Caleb\documents\visual studio 2012\Projects\p3\Debug\link.5576-cvtres.read.1.tlog
C:\Users\Caleb\documents\visual studio 2012\Projects\p3\Debug\link.5576-cvtres.write.1.tlog
C:\Users\Caleb\documents\visual studio 2012\Projects\p3\Debug\link.5576-rc.read.1.tlog
C:\Users\Caleb\documents\visual studio 2012\Projects\p3\Debug\link.5576-rc.write.1.tlog
C:\Users\Caleb\documents\visual studio 2012\Projects\p3\Debug\link.5576.read.1.tlog
C:\Users\Caleb\documents\visual studio 2012\Projects\p3\Debug\link.5576.write.1.tlog
C:\Users\Caleb\documents\visual studio 2012\Projects\p3\Debug\link.5588-cvtres.read.1.tlog
C:\Users\Caleb\documents\visual studio 2012\Projects\p3\Debug\link.5588-cvtres.write.1.tlog
C:\Users\Caleb\documents\visual studio 2012\Projects\p3\Debug\link.5588-rc.read.1.tlog
C:\Users\Caleb\documents\visual studio 2012\Projects\p3\Debug\link.5588-rc.write.1.tlog
C:\Users\Caleb\documents\visual studio 2012\Projects\p3\Debug\link.5588.read.1.tlog
C:\Users\Caleb\documents\visual studio 2012\Projects\p3\Debug\link.5588.write.1.tlog
C:\Users\Caleb\documents\visual studio 2012\Projects\p3\Debug\link.5600-cvtres.read.1.tlog
C:\Users\Caleb\documents\visual studio 2012\Projects\p3\Debug\link.5600-cvtres.write.1.tlog
C:\Users\Caleb\documents\visual studio 2012\Projects\p3\Debug\link.5600-rc.read.1.tlog
C:\Users\Caleb\documents\visual studio 2012\Projects\p3\Debug\link.5600-rc.write.1.tlog
C:\Users\Caleb\documents\visual studio 2012\Projects\p3\Debug\link.5600.read.1.tlog
C:\Users\Caleb\documents\visual studio 2012\Projects\p3\Debug\link.5600.write.1.tlog
C:\Users\Caleb\documents\visual studio 2012\Projects\p3\Debug\link.5616-cvtres.read.1.tlog
C:\Users\Caleb\documents\visual studio 2012\Projects\p3\Debug\link.5616-cvtres.write.1.tlog
C:\Users\Caleb\documents\visual studio 2012\Projects\p3\Debug\link.5616-rc.read.1.tlog
C:\Users\Caleb\documents\visual studio 2012\Projects\p3\Debug\link.5616-rc.write.1.tlog
C:\Users\Caleb\documents\visual studio 2012\Projects\p3\Debug\link.5616.read.1.tlog
C:\Users\Caleb\documents\visual studio 2012\Projects\p3\Debug\link.5616.write.1.tlog
C:\Users\Caleb\documents\visual studio 2012\Projects\p3\Debug\link.5668-cvtres.read.1.tlog
C:\Users\Caleb\documents\visual studio 2012\Projects\p3\Debug\link.5668-cvtres.write.1.tlog
C:\Users\Caleb\documents\visual studio 2012\Projects\p3\Debug\link.5668-rc.read.1.tlog
C:\Users\Caleb\documents\visual studio 2012\Projects\p3\Debug\link.5668-rc.write.1.tlog
C:\Users\Caleb\documents\visual studio 2012\Projects\p3\Debug\link.5668.read.1.tlog
C:\Users\Caleb\documents\visual studio 2012\Projects\p3\Debug\link.5668.write.1.tlog
C:\Users\Caleb\documents\visual studio 2012\Projects\p3\Debug\link.568-cvtres.read.1.tlog
C:\Users\Caleb\documents\visual studio 2012\Projects\p3\Debug\link.568-cvtres.write.1.tlog
C:\Users\Caleb\documents\visual studio 2012\Projects\p3\Debug\link.568-rc.read.1.tlog
C:\Users\Caleb\documents\visual studio 2012\Projects\p3\Debug\link.568-rc.write.1.tlog
C:\Users\Caleb\documents\visual studio 2012\Projects\p3\Debug\link.568.read.1.tlog
C:\Users\Caleb\documents\visual studio 2012\Projects\p3\Debug\link.568.write.1.tlog
C:\Users\Caleb\documents\visual studio 2012\Projects\p3\Debug\link.5732-cvtres.read.1.tlog
C:\Users\Caleb\documents\visual studio 2012\Projects\p3\Debug\link.5732-cvtres.write.1.tlog
C:\Users\Caleb\documents\visual studio 2012\Projects\p3\Debug\link.5732-rc.read.1.tlog
C:\Users\Caleb\documents\visual studio 2012\Projects\p3\Debug\link.5732-rc.write.1.tlog
C:\Users\Caleb\documents\visual studio 2012\Projects\p3\Debug\link.5732.read.1.tlog
C:\Users\Caleb\documents\visual studio 2012\Projects\p3\Debug\link.5732.write.1.tlog
C:\Users\Caleb\documents\visual studio 2012\Projects\p3\Debug\link.5736-cvtres.read.1.tlog
C:\Users\Caleb\documents\visual studio 2012\Projects\p3\Debug\link.5736-cvtres.write.1.tlog
C:\Users\Caleb\documents\visual studio 2012\Projects\p3\Debug\link.5736-rc.read.1.tlog
C:\Users\Caleb\documents\visual studio 2012\Projects\p3\Debug\link.5736-rc.write.1.tlog
C:\Users\Caleb\documents\visual studio 2012\Projects\p3\Debug\link.5736.read.1.tlog
C:\Users\Caleb\documents\visual studio 2012\Projects\p3\Debug\link.5736.write.1.tlog
C:\Users\Caleb\documents\visual studio 2012\Projects\p3\Debug\link.5764-cvtres.read.1.tlog
C:\Users\Caleb\documents\visual studio 2012\Projects\p3\Debug\link.5764-cvtres.write.1.tlog
C:\Users\Caleb\documents\visual studio 2012\Projects\p3\Debug\link.5764-rc.read.1.tlog
C:\Users\Caleb\documents\visual studio 2012\Projects\p3\Debug\link.5764-rc.write.1.tlog
C:\Users\Caleb\documents\visual studio 2012\Projects\p3\Debug\link.5764.read.1.tlog
C:\Users\Caleb\documents\visual studio 2012\Projects\p3\Debug\link.5764.write.1.tlog
C:\Users\Caleb\documents\visual studio 2012\Projects\p3\Debug\link.5772-cvtres.read.1.tlog
C:\Users\Caleb\documents\visual studio 2012\Projects\p3\Debug\link.5772-cvtres.write.1.tlog
C:\Users\Caleb\documents\visual studio 2012\Projects\p3\Debug\link.5772-rc.read.1.tlog
C:\Users\Caleb\documents\visual studio 2012\Projects\p3\Debug\link.5772-rc.write.1.tlog
C:\Users\Caleb\documents\visual studio 2012\Projects\p3\Debug\link.5772.read.1.tlog
C:\Users\Caleb\documents\visual studio 2012\Projects\p3\Debug\link.5772.write.1.tlog
C:\Users\Caleb\documents\visual studio 2012\Projects\p3\Debug\link.5788-cvtres.read.1.tlog
C:\Users\Caleb\documents\visual studio 2012\Projects\p3\Debug\link.5788-cvtres.write.1.tlog
C:\Users\Caleb\documents\visual studio 2012\Projects\p3\Debug\link.5788-rc.read.1.tlog
C:\Users\Caleb\documents\visual studio 2012\Projects\p3\Debug\link.5788-rc.write.1.tlog
C:\Users\Caleb\documents\visual studio 2012\Projects\p3\Debug\link.5788.read.1.tlog
C:\Users\Caleb\documents\visual studio 2012\Projects\p3\Debug\link.5788.write.1.tlog
C:\Users\Caleb\documents\visual studio 2012\Projects\p3\Debug\link.5800-cvtres.read.1.tlog
C:\Users\Caleb\documents\visual studio 2012\Projects\p3\Debug\link.5800-cvtres.write.1.tlog
C:\Users\Caleb\documents\visual studio 2012\Projects\p3\Debug\link.5800-rc.read.1.tlog
C:\Users\Caleb\documents\visual studio 2012\Projects\p3\Debug\link.5800-rc.write.1.tlog
C:\Users\Caleb\documents\visual studio 2012\Projects\p3\Debug\link.5800.read.1.tlog
C:\Users\Caleb\documents\visual studio 2012\Projects\p3\Debug\link.5800.write.1.tlog
C:\Users\Caleb\documents\visual studio 2012\Projects\p3\Debug\link.5824-cvtres.read.1.tlog
C:\Users\Caleb\documents\visual studio 2012\Projects\p3\Debug\link.5824-cvtres.write.1.tlog
C:\Users\Caleb\documents\visual studio 2012\Projects\p3\Debug\link.5824-rc.read.1.tlog
C:\Users\Caleb\documents\visual studio 2012\Projects\p3\Debug\link.5824-rc.write.1.tlog
C:\Users\Caleb\documents\visual studio 2012\Projects\p3\Debug\link.5824.read.1.tlog
C:\Users\Caleb\documents\visual studio 2012\Projects\p3\Debug\link.5824.write.1.tlog
C:\Users\Caleb\documents\visual studio 2012\Projects\p3\Debug\link.5836-cvtres.read.1.tlog
C:\Users\Caleb\documents\visual studio 2012\Projects\p3\Debug\link.5836-cvtres.write.1.tlog
C:\Users\Caleb\documents\visual studio 2012\Projects\p3\Debug\link.5836-rc.read.1.tlog
C:\Users\Caleb\documents\visual studio 2012\Projects\p3\Debug\link.5836-rc.write.1.tlog
C:\Users\Caleb\documents\visual studio 2012\Projects\p3\Debug\link.5836.read.1.tlog
C:\Users\Caleb\documents\visual studio 2012\Projects\p3\Debug\link.5836.write.1.tlog
C:\Users\Caleb\documents\visual studio 2012\Projects\p3\Debug\link.5860-cvtres.read.1.tlog
C:\Users\Caleb\documents\visual studio 2012\Projects\p3\Debug\link.5860-cvtres.write.1.tlog
C:\Users\Caleb\documents\visual studio 2012\Projects\p3\Debug\link.5860-rc.read.1.tlog
C:\Users\Caleb\documents\visual studio 2012\Projects\p3\Debug\link.5860-rc.write.1.tlog
C:\Users\Caleb\documents\visual studio 2012\Projects\p3\Debug\link.5860.read.1.tlog
C:\Users\Caleb\documents\visual studio 2012\Projects\p3\Debug\link.5860.write.1.tlog
C:\Users\Caleb\documents\visual studio 2012\Projects\p3\Debug\link.5868-cvtres.read.1.tlog
C:\Users\Caleb\documents\visual studio 2012\Projects\p3\Debug\link.5868-cvtres.write.1.tlog
C:\Users\Caleb\documents\visual studio 2012\Projects\p3\Debug\link.5868-rc.read.1.tlog
C:\Users\Caleb\documents\visual studio 2012\Projects\p3\Debug\link.5868-rc.write.1.tlog
C:\Users\Caleb\documents\visual studio 2012\Projects\p3\Debug\link.5868.read.1.tlog
C:\Users\Caleb\documents\visual studio 2012\Projects\p3\Debug\link.5868.write.1.tlog
C:\Users\Caleb\documents\visual studio 2012\Projects\p3\Debug\link.5900-cvtres.read.1.tlog
C:\Users\Caleb\documents\visual studio 2012\Projects\p3\Debug\link.5900-cvtres.write.1.tlog
C:\Users\Caleb\documents\visual studio 2012\Projects\p3\Debug\link.5900-rc.read.1.tlog
C:\Users\Caleb\documents\visual studio 2012\Projects\p3\Debug\link.5900-rc.write.1.tlog
C:\Users\Caleb\documents\visual studio 2012\Projects\p3\Debug\link.5900.read.1.tlog
C:\Users\Caleb\documents\visual studio 2012\Projects\p3\Debug\link.5900.write.1.tlog
C:\Users\Caleb\documents\visual studio 2012\Projects\p3\Debug\link.5912-cvtres.read.1.tlog
C:\Users\Caleb\documents\visual studio 2012\Projects\p3\Debug\link.5912-cvtres.write.1.tlog
C:\Users\Caleb\documents\visual studio 2012\Projects\p3\Debug\link.5912-rc.read.1.tlog
C:\Users\Caleb\documents\visual studio 2012\Projects\p3\Debug\link.5912-rc.write.1.tlog
C:\Users\Caleb\documents\visual studio 2012\Projects\p3\Debug\link.5912.read.1.tlog
C:\Users\Caleb\documents\visual studio 2012\Projects\p3\Debug\link.5912.write.1.tlog
C:\Users\Caleb\documents\visual studio 2012\Projects\p3\Debug\link.5956-cvtres.read.1.tlog
C:\Users\Caleb\documents\visual studio 2012\Projects\p3\Debug\link.5956-cvtres.write.1.tlog
C:\Users\Caleb\documents\visual studio 2012\Projects\p3\Debug\link.5956-rc.read.1.tlog
C:\Users\Caleb\documents\visual studio 2012\Projects\p3\Debug\link.5956-rc.write.1.tlog
C:\Users\Caleb\documents\visual studio 2012\Projects\p3\Debug\link.5956.read.1.tlog
C:\Users\Caleb\documents\visual studio 2012\Projects\p3\Debug\link.5956.write.1.tlog
C:\Users\Caleb\documents\visual studio 2012\Projects\p3\Debug\link.5980-cvtres.read.1.tlog
C:\Users\Caleb\documents\visual studio 2012\Projects\p3\Debug\link.5980-cvtres.write.1.tlog
C:\Users\Caleb\documents\visual studio 2012\Projects\p3\Debug\link.5980-rc.read.1.tlog
C:\Users\Caleb\documents\visual studio 2012\Projects\p3\Debug\link.5980-rc.write.1.tlog
C:\Users\Caleb\documents\visual studio 2012\Projects\p3\Debug\link.5980.read.1.tlog
C:\Users\Caleb\documents\visual studio 2012\Projects\p3\Debug\link.5980.write.1.tlog
C:\Users\Caleb\documents\visual studio 2012\Projects\p3\Debug\link.5984-cvtres.read.1.tlog
C:\Users\Caleb\documents\visual studio 2012\Projects\p3\Debug\link.5984-cvtres.write.1.tlog
C:\Users\Caleb\documents\visual studio 2012\Projects\p3\Debug\link.5984-rc.read.1.tlog
C:\Users\Caleb\documents\visual studio 2012\Projects\p3\Debug\link.5984-rc.write.1.tlog
C:\Users\Caleb\documents\visual studio 2012\Projects\p3\Debug\link.5984.read.1.tlog
C:\Users\Caleb\documents\visual studio 2012\Projects\p3\Debug\link.5984.write.1.tlog
C:\Users\Caleb\documents\visual studio 2012\Projects\p3\Debug\link.5992-cvtres.read.1.tlog
C:\Users\Caleb\documents\visual studio 2012\Projects\p3\Debug\link.5992-cvtres.write.1.tlog
C:\Users\Caleb\documents\visual studio 2012\Projects\p3\Debug\link.5992-rc.read.1.tlog
C:\Users\Caleb\documents\visual studio 2012\Projects\p3\Debug\link.5992-rc.write.1.tlog
C:\Users\Caleb\documents\visual studio 2012\Projects\p3\Debug\link.5992.read.1.tlog
C:\Users\Caleb\documents\visual studio 2012\Projects\p3\Debug\link.5992.write.1.tlog
C:\Users\Caleb\documents\visual studio 2012\Projects\p3\Debug\link.6056-cvtres.read.1.tlog
C:\Users\Caleb\documents\visual studio 2012\Projects\p3\Debug\link.6056-cvtres.write.1.tlog
C:\Users\Caleb\documents\visual studio 2012\Projects\p3\Debug\link.6056-rc.read.1.tlog
C:\Users\Caleb\documents\visual studio 2012\Projects\p3\Debug\link.6056-rc.write.1.tlog
C:\Users\Caleb\documents\visual studio 2012\Projects\p3\Debug\link.6056.read.1.tlog
C:\Users\Caleb\documents\visual studio 2012\Projects\p3\Debug\link.6056.write.1.tlog
C:\Users\Caleb\documents\visual studio 2012\Projects\p3\Debug\link.6060-cvtres.read.1.tlog
C:\Users\Caleb\documents\visual studio 2012\Projects\p3\Debug\link.6060-cvtres.write.1.tlog
C:\Users\Caleb\documents\visual studio 2012\Projects\p3\Debug\link.6060-rc.read.1.tlog
C:\Users\Caleb\documents\visual studio 2012\Projects\p3\Debug\link.6060-rc.write.1.tlog
C:\Users\Caleb\documents\visual studio 2012\Projects\p3\Debug\link.6060.read.1.tlog
C:\Users\Caleb\documents\visual studio 2012\Projects\p3\Debug\link.6060.write.1.tlog
C:\Users\Caleb\documents\visual studio 2012\Projects\p3\Debug\link.6092-cvtres.read.1.tlog
C:\Users\Caleb\documents\visual studio 2012\Projects\p3\Debug\link.6092-cvtres.write.1.tlog
C:\Users\Caleb\documents\visual studio 2012\Projects\p3\Debug\link.6092-rc.read.1.tlog
C:\Users\Caleb\documents\visual studio 2012\Projects\p3\Debug\link.6092-rc.write.1.tlog
C:\Users\Caleb\documents\visual studio 2012\Projects\p3\Debug\link.6092.read.1.tlog
C:\Users\Caleb\documents\visual studio 2012\Projects\p3\Debug\link.6092.write.1.tlog
C:\Users\Caleb\documents\visual studio 2012\Projects\p3\Debug\link.6108-cvtres.read.1.tlog
C:\Users\Caleb\documents\visual studio 2012\Projects\p3\Debug\link.6108-cvtres.write.1.tlog
C:\Users\Caleb\documents\visual studio 2012\Projects\p3\Debug\link.6108-rc.read.1.tlog
C:\Users\Caleb\documents\visual studio 2012\Projects\p3\Debug\link.6108-rc.write.1.tlog
C:\Users\Caleb\documents\visual studio 2012\Projects\p3\Debug\link.6108.read.1.tlog
C:\Users\Caleb\documents\visual studio 2012\Projects\p3\Debug\link.6108.write.1.tlog
C:\Users\Caleb\documents\visual studio 2012\Projects\p3\Debug\link.6132-cvtres.read.1.tlog
C:\Users\Caleb\documents\visual studio 2012\Projects\p3\Debug\link.6132-cvtres.write.1.tlog
C:\Users\Caleb\documents\visual studio 2012\Projects\p3\Debug\link.6132-rc.read.1.tlog
C:\Users\Caleb\documents\visual studio 2012\Projects\p3\Debug\link.6132-rc.write.1.tlog
C:\Users\Caleb\documents\visual studio 2012\Projects\p3\Debug\link.6132.read.1.tlog
C:\Users\Caleb\documents\visual studio 2012\Projects\p3\Debug\link.6132.write.1.tlog
C:\Users\Caleb\documents\visual studio 2012\Projects\p3\Debug\link.6156-cvtres.read.1.tlog
C:\Users\Caleb\documents\visual studio 2012\Projects\p3\Debug\link.6156-cvtres.write.1.tlog
C:\Users\Caleb\documents\visual studio 2012\Projects\p3\Debug\link.6156-rc.read.1.tlog
C:\Users\Caleb\documents\visual studio 2012\Projects\p3\Debug\link.6156-rc.write.1.tlog
C:\Users\Caleb\documents\visual studio 2012\Projects\p3\Debug\link.6156.read.1.tlog
C:\Users\Caleb\documents\visual studio 2012\Projects\p3\Debug\link.6156.write.1.tlog
C:\Users\Caleb\documents\visual studio 2012\Projects\p3\Debug\link.6200-cvtres.read.1.tlog
C:\Users\Caleb\documents\visual studio 2012\Projects\p3\Debug\link.6200-cvtres.write.1.tlog
C:\Users\Caleb\documents\visual studio 2012\Projects\p3\Debug\link.6200-rc.read.1.tlog
C:\Users\Caleb\documents\visual studio 2012\Projects\p3\Debug\link.6200-rc.write.1.tlog
C:\Users\Caleb\documents\visual studio 2012\Projects\p3\Debug\link.6200.read.1.tlog
C:\Users\Caleb\documents\visual studio 2012\Projects\p3\Debug\link.6200.write.1.tlog
C:\Users\Caleb\documents\visual studio 2012\Projects\p3\Debug\link.6236-cvtres.read.1.tlog
C:\Users\Caleb\documents\visual studio 2012\Projects\p3\Debug\link.6236-cvtres.write.1.tlog
C:\Users\Caleb\documents\visual studio 2012\Projects\p3\Debug\link.6236-rc.read.1.tlog
C:\Users\Caleb\documents\visual studio 2012\Projects\p3\Debug\link.6236-rc.write.1.tlog
C:\Users\Caleb\documents\visual studio 2012\Projects\p3\Debug\link.6236.read.1.tlog
C:\Users\Caleb\documents\visual studio 2012\Projects\p3\Debug\link.6236.write.1.tlog
C:\Users\Caleb\documents\visual studio 2012\Projects\p3\Debug\link.6288-cvtres.read.1.tlog
C:\Users\Caleb\documents\visual studio 2012\Projects\p3\Debug\link.6288-cvtres.write.1.tlog
C:\Users\Caleb\documents\visual studio 2012\Projects\p3\Debug\link.6288-rc.read.1.tlog
C:\Users\Caleb\documents\visual studio 2012\Projects\p3\Debug\link.6288-rc.write.1.tlog
C:\Users\Caleb\documents\visual studio 2012\Projects\p3\Debug\link.6288.read.1.tlog
C:\Users\Caleb\documents\visual studio 2012\Projects\p3\Debug\link.6288.write.1.tlog
C:\Users\Caleb\documents\visual studio 2012\Projects\p3\Debug\link.6296-cvtres.read.1.tlog
C:\Users\Caleb\documents\visual studio 2012\Projects\p3\Debug\link.6296-cvtres.write.1.tlog
C:\Users\Caleb\documents\visual studio 2012\Projects\p3\Debug\link.6296-rc.read.1.tlog
C:\Users\Caleb\documents\visual studio 2012\Projects\p3\Debug\link.6296-rc.write.1.tlog
C:\Users\Caleb\documents\visual studio 2012\Projects\p3\Debug\link.6296.read.1.tlog
C:\Users\Caleb\documents\visual studio 2012\Projects\p3\Debug\link.6296.write.1.tlog
C:\Users\Caleb\documents\visual studio 2012\Projects\p3\Debug\link.6340-cvtres.read.1.tlog
C:\Users\Caleb\documents\visual studio 2012\Projects\p3\Debug\link.6340-cvtres.write.1.tlog
C:\Users\Caleb\documents\visual studio 2012\Projects\p3\Debug\link.6340-rc.read.1.tlog
C:\Users\Caleb\documents\visual studio 2012\Projects\p3\Debug\link.6340-rc.write.1.tlog
C:\Users\Caleb\documents\visual studio 2012\Projects\p3\Debug\link.6340.read.1.tlog
C:\Users\Caleb\documents\visual studio 2012\Projects\p3\Debug\link.6340.write.1.tlog
C:\Users\Caleb\documents\visual studio 2012\Projects\p3\Debug\link.6376-cvtres.read.1.tlog
C:\Users\Caleb\documents\visual studio 2012\Projects\p3\Debug\link.6376-cvtres.write.1.tlog
C:\Users\Caleb\documents\visual studio 2012\Projects\p3\Debug\link.6376-rc.read.1.tlog
C:\Users\Caleb\documents\visual studio 2012\Projects\p3\Debug\link.6376-rc.write.1.tlog
C:\Users\Caleb\documents\visual studio 2012\Projects\p3\Debug\link.6376.read.1.tlog
C:\Users\Caleb\documents\visual studio 2012\Projects\p3\Debug\link.6376.write.1.tlog
C:\Users\Caleb\documents\visual studio 2012\Projects\p3\Debug\link.6404-cvtres.read.1.tlog
C:\Users\Caleb\documents\visual studio 2012\Projects\p3\Debug\link.6404-cvtres.write.1.tlog
C:\Users\Caleb\documents\visual studio 2012\Projects\p3\Debug\link.6404-rc.read.1.tlog
C:\Users\Caleb\documents\visual studio 2012\Projects\p3\Debug\link.6404-rc.write.1.tlog
C:\Users\Caleb\documents\visual studio 2012\Projects\p3\Debug\link.6404.read.1.tlog
C:\Users\Caleb\documents\visual studio 2012\Projects\p3\Debug\link.6404.write.1.tlog
C:\Users\Caleb\documents\visual studio 2012\Projects\p3\Debug\link.6452-cvtres.read.1.tlog
C:\Users\Caleb\documents\visual studio 2012\Projects\p3\Debug\link.6452-cvtres.write.1.tlog
C:\Users\Caleb\documents\visual studio 2012\Projects\p3\Debug\link.6452-rc.read.1.tlog
C:\Users\Caleb\documents\visual studio 2012\Projects\p3\Debug\link.6452-rc.write.1.tlog
C:\Users\Caleb\documents\visual studio 2012\Projects\p3\Debug\link.6452.read.1.tlog
C:\Users\Caleb\documents\visual studio 2012\Projects\p3\Debug\link.6452.write.1.tlog
C:\Users\Caleb\documents\visual studio 2012\Projects\p3\Debug\link.6544-cvtres.read.1.tlog
C:\Users\Caleb\documents\visual studio 2012\Projects\p3\Debug\link.6544-cvtres.write.1.tlog
C:\Users\Caleb\documents\visual studio 2012\Projects\p3\Debug\link.6544-rc.read.1.tlog
C:\Users\Caleb\documents\visual studio 2012\Projects\p3\Debug\link.6544-rc.write.1.tlog
C:\Users\Caleb\documents\visual studio 2012\Projects\p3\Debug\link.6544.read.1.tlog
C:\Users\Caleb\documents\visual studio 2012\Projects\p3\Debug\link.6544.write.1.tlog
C:\Users\Caleb\documents\visual studio 2012\Projects\p3\Debug\link.6640-cvtres.read.1.tlog
C:\Users\Caleb\documents\visual studio 2012\Projects\p3\Debug\link.6640-cvtres.write.1.tlog
C:\Users\Caleb\documents\visual studio 2012\Projects\p3\Debug\link.6640-rc.read.1.tlog
C:\Users\Caleb\documents\visual studio 2012\Projects\p3\Debug\link.6640-rc.write.1.tlog
C:\Users\Caleb\documents\visual studio 2012\Projects\p3\Debug\link.6640.read.1.tlog
C:\Users\Caleb\documents\visual studio 2012\Projects\p3\Debug\link.6640.write.1.tlog
C:\Users\Caleb\documents\visual studio 2012\Projects\p3\Debug\link.6656-cvtres.read.1.tlog
C:\Users\Caleb\documents\visual studio 2012\Projects\p3\Debug\link.6656-cvtres.write.1.tlog
C:\Users\Caleb\documents\visual studio 2012\Projects\p3\Debug\link.6656-rc.read.1.tlog
C:\Users\Caleb\documents\visual studio 2012\Projects\p3\Debug\link.6656-rc.write.1.tlog
C:\Users\Caleb\documents\visual studio 2012\Projects\p3\Debug\link.6656.read.1.tlog
C:\Users\Caleb\documents\visual studio 2012\Projects\p3\Debug\link.6656.write.1.tlog
C:\Users\Caleb\documents\visual studio 2012\Projects\p3\Debug\link.6696-cvtres.read.1.tlog
C:\Users\Caleb\documents\visual studio 2012\Projects\p3\Debug\link.6696-cvtres.write.1.tlog
C:\Users\Caleb\documents\visual studio 2012\Projects\p3\Debug\link.6696-rc.read.1.tlog
C:\Users\Caleb\documents\visual studio 2012\Projects\p3\Debug\link.6696-rc.write.1.tlog
C:\Users\Caleb\documents\visual studio 2012\Projects\p3\Debug\link.6696.read.1.tlog
C:\Users\Caleb\documents\visual studio 2012\Projects\p3\Debug\link.6696.write.1.tlog
C:\Users\Caleb\documents\visual studio 2012\Projects\p3\Debug\link.6824-cvtres.read.1.tlog
C:\Users\Caleb\documents\visual studio 2012\Projects\p3\Debug\link.6824-cvtres.write.1.tlog
C:\Users\Caleb\documents\visual studio 2012\Projects\p3\Debug\link.6824-rc.read.1.tlog
C:\Users\Caleb\documents\visual studio 2012\Projects\p3\Debug\link.6824-rc.write.1.tlog
C:\Users\Caleb\documents\visual studio 2012\Projects\p3\Debug\link.6824.read.1.tlog
C:\Users\Caleb\documents\visual studio 2012\Projects\p3\Debug\link.6824.write.1.tlog
C:\Users\Caleb\documents\visual studio 2012\Projects\p3\Debug\link.7060-cvtres.read.1.tlog
C:\Users\Caleb\documents\visual studio 2012\Projects\p3\Debug\link.7060-cvtres.write.1.tlog
C:\Users\Caleb\documents\visual studio 2012\Projects\p3\Debug\link.7060-rc.read.1.tlog
C:\Users\Caleb\documents\visual studio 2012\Projects\p3\Debug\link.7060-rc.write.1.tlog
C:\Users\Caleb\documents\visual studio 2012\Projects\p3\Debug\link.7060.read.1.tlog
C:\Users\Caleb\documents\visual studio 2012\Projects\p3\Debug\link.7060.write.1.tlog
C:\Users\Caleb\documents\visual studio 2012\Projects\p3\Debug\link.7068-cvtres.read.1.tlog
C:\Users\Caleb\documents\visual studio 2012\Projects\p3\Debug\link.7068-cvtres.write.1.tlog
C:\Users\Caleb\documents\visual studio 2012\Projects\p3\Debug\link.7068-rc.read.1.tlog
C:\Users\Caleb\documents\visual studio 2012\Projects\p3\Debug\link.7068-rc.write.1.tlog
C:\Users\Caleb\documents\visual studio 2012\Projects\p3\Debug\link.7068.read.1.tlog
C:\Users\Caleb\documents\visual studio 2012\Projects\p3\Debug\link.7068.write.1.tlog
C:\Users\Caleb\documents\visual studio 2012\Projects\p3\Debug\link.7108-cvtres.read.1.tlog
C:\Users\Caleb\documents\visual studio 2012\Projects\p3\Debug\link.7108-cvtres.write.1.tlog
C:\Users\Caleb\documents\visual studio 2012\Projects\p3\Debug\link.7108-rc.read.1.tlog
C:\Users\Caleb\documents\visual studio 2012\Projects\p3\Debug\link.7108-rc.write.1.tlog
C:\Users\Caleb\documents\visual studio 2012\Projects\p3\Debug\link.7108.read.1.tlog
C:\Users\Caleb\documents\visual studio 2012\Projects\p3\Debug\link.7108.write.1.tlog
C:\Users\Caleb\documents\visual studio 2012\Projects\p3\Debug\link.864-cvtres.read.1.tlog
C:\Users\Caleb\documents\visual studio 2012\Projects\p3\Debug\link.864-cvtres.write.1.tlog
C:\Users\Caleb\documents\visual studio 2012\Projects\p3\Debug\link.864-rc.read.1.tlog
C:\Users\Caleb\documents\visual studio 2012\Projects\p3\Debug\link.864-rc.write.1.tlog
C:\Users\Caleb\documents\visual studio 2012\Projects\p3\Debug\link.864.read.1.tlog
C:\Users\Caleb\documents\visual studio 2012\Projects\p3\Debug\link.864.write.1.tlog
C:\Users\Caleb\documents\visual studio 2012\Projects\p3\Debug\link.command.1.tlog
C:\Users\Caleb\documents\visual studio 2012\Projects\p3\Debug\link.read.1.tlog
C:\Users\Caleb\documents\visual studio 2012\Projects\p3\Debug\link.write.1.tlog
C:\Users\Caleb\documents\visual studio 2012\Projects\p3\Debug\vc110.idb
C:\Users\Caleb\documents\visual studio 2012\Projects\p3\Debug\p3.pdb
C:\Users\Caleb\documents\visual studio 2012\Projects\p3\Debug\vc110.pdb
C:\Users\Caleb\documents\visual studio 2012\Projects\p3\Debug\p3.exe
